1506075844573	geckodriver	INFO	geckodriver 0.18.0
1506075844584	geckodriver	INFO	Listening on 127.0.0.1:49486
1506075845687	geckodriver::marionette	INFO	Starting browser /usr/bin/firefox with args ["-marionette"]
1506075846964	Marionette	INFO	Enabled via --marionette
1506075848688	Marionette	INFO	Listening on port 42872
JavaScript error: chrome://marionette/content/server.js, line 337: NS_ERROR_SOCKET_ADDRESS_IN_USE: Component returned failure code: 0x804b0036 (NS_ERROR_SOCKET_ADDRESS_IN_USE) [nsIServerSocket.initSpecialConnection]
1506075848712	Marionette	WARN	TLS certificate errors will be ignored for this session
1506075848761	Marionette	DEBUG	loaded listener.js
1506075848960	Marionette	DEBUG	Received DOM event "beforeunload" for "about:blank"
1506075850454	Marionette	DEBUG	Received DOM event "pagehide" for "about:blank"
1506075850454	Marionette	DEBUG	Received DOM event "unload" for "about:blank"
1506075852358	Marionette	DEBUG	Received DOM event "DOMContentLoaded" for "https://www.toysrus.com/product?productId=97150726&rrec=true"
1506075852529	Marionette	DEBUG	Received DOM event "DOMContentLoaded" for "https://www.toysrus.com/product?productId=97150726&rrec=true"
1506075852532	Marionette	DEBUG	Received DOM event "pageshow" for "https://www.toysrus.com/product?productId=97150726&rrec=true"
1506075852617	Marionette	DEBUG	Received DOM event "DOMContentLoaded" for "https://www.toysrus.com/product?productId=97150726&rrec=true"
1506075852621	Marionette	DEBUG	Received DOM event "pageshow" for "https://www.toysrus.com/product?productId=97150726&rrec=true"
1506075852621	Marionette	DEBUG	Received observer notification "outer-window-destroyed" for "2147483659"
1506075855984	Marionette	DEBUG	Received DOM event "DOMContentLoaded" for "https://cdn.userreplay.net/us1c109b316e661034bf17178837937d405-tru.html"
1506075855986	Marionette	DEBUG	Received DOM event "pageshow" for "https://cdn.userreplay.net/us1c109b316e661034bf17178837937d405-tru.html"
1506075856772	Marionette	DEBUG	Received DOM event "DOMContentLoaded" for "https://www.toysrus.com/t2typeahead/iframe"
1506075856780	Marionette	DEBUG	Received DOM event "pageshow" for "https://www.toysrus.com/t2typeahead/iframe"
1506075857591	Marionette	DEBUG	Received DOM event "DOMContentLoaded" for "https://cnv.toysrus.com/nv/toysrus/nv_cross_origin.html?origin=https://www.toysrus.com&group=toysrus&expiry=1800"
1506075857593	Marionette	DEBUG	Received DOM event "pageshow" for "https://cnv.toysrus.com/nv/toysrus/nv_cross_origin.html?origin=https://www.toysrus.com&group=toysrus&expiry=1800"
1506075858959	Marionette	DEBUG	Received DOM event "pageshow" for "https://www.toysrus.com/product?productId=97150726&rrec=true"
1506075859423	Marionette	INFO	New connections will no longer be accepted
1506075914548	geckodriver	INFO	geckodriver 0.18.0
1506075914554	geckodriver	INFO	Listening on 127.0.0.1:37589
1506075915636	geckodriver::marionette	INFO	Starting browser /usr/bin/firefox with args ["-marionette"]
1506075916278	Marionette	INFO	Enabled via --marionette
1506075917836	Marionette	INFO	Listening on port 35657
JavaScript error: chrome://marionette/content/server.js, line 337: NS_ERROR_SOCKET_ADDRESS_IN_USE: Component returned failure code: 0x804b0036 (NS_ERROR_SOCKET_ADDRESS_IN_USE) [nsIServerSocket.initSpecialConnection]
1506075917864	Marionette	WARN	TLS certificate errors will be ignored for this session
1506075917909	Marionette	DEBUG	loaded listener.js
1506075918027	Marionette	DEBUG	Received DOM event "beforeunload" for "about:blank"
1506075918395	Marionette	DEBUG	Received DOM event "pagehide" for "about:blank"
1506075918395	Marionette	DEBUG	Received DOM event "unload" for "about:blank"
1506075919652	Marionette	DEBUG	Received DOM event "DOMContentLoaded" for "https://www.toysrus.com/product?productId=97150726&rrec=true"
1506075920387	Marionette	DEBUG	Received DOM event "DOMContentLoaded" for "https://www.toysrus.com/product?productId=97150726&rrec=true"
1506075920390	Marionette	DEBUG	Received DOM event "pageshow" for "https://www.toysrus.com/product?productId=97150726&rrec=true"
1506075920405	Marionette	DEBUG	Received DOM event "DOMContentLoaded" for "https://www.toysrus.com/product?productId=97150726&rrec=true"
1506075920436	Marionette	DEBUG	Received DOM event "pageshow" for "https://www.toysrus.com/product?productId=97150726&rrec=true"
1506075920487	Marionette	DEBUG	Received observer notification "outer-window-destroyed" for "2147483659"
1506075922836	Marionette	DEBUG	Received DOM event "DOMContentLoaded" for "https://www.toysrus.com/t2typeahead/iframe"
1506075923053	Marionette	DEBUG	Received DOM event "DOMContentLoaded" for "https://cdn.userreplay.net/us1c109b316e661034bf17178837937d405-tru.html"
1506075923055	Marionette	DEBUG	Received DOM event "pageshow" for "https://cdn.userreplay.net/us1c109b316e661034bf17178837937d405-tru.html"
1506075923130	Marionette	DEBUG	Received DOM event "pageshow" for "https://www.toysrus.com/t2typeahead/iframe"
1506075924067	Marionette	DEBUG	Received DOM event "DOMContentLoaded" for "https://cnv.toysrus.com/nv/toysrus/nv_cross_origin.html?origin=https://www.toysrus.com&group=toysrus&expiry=1800"
1506075924069	Marionette	DEBUG	Received DOM event "pageshow" for "https://cnv.toysrus.com/nv/toysrus/nv_cross_origin.html?origin=https://www.toysrus.com&group=toysrus&expiry=1800"
1506075926952	Marionette	DEBUG	Received DOM event "pageshow" for "https://www.toysrus.com/product?productId=97150726&rrec=true"
1506075927411	Marionette	INFO	New connections will no longer be accepted
1506076130234	geckodriver	INFO	geckodriver 0.18.0
1506076130240	geckodriver	INFO	Listening on 127.0.0.1:57381
1506076131323	geckodriver::marionette	INFO	Starting browser /usr/bin/firefox with args ["-marionette"]
1506076131995	Marionette	INFO	Enabled via --marionette
1506076133576	Marionette	INFO	Listening on port 43991
JavaScript error: chrome://marionette/content/server.js, line 337: NS_ERROR_SOCKET_ADDRESS_IN_USE: Component returned failure code: 0x804b0036 (NS_ERROR_SOCKET_ADDRESS_IN_USE) [nsIServerSocket.initSpecialConnection]
1506076133647	Marionette	WARN	TLS certificate errors will be ignored for this session
1506076133701	Marionette	DEBUG	loaded listener.js
1506076133829	Marionette	DEBUG	Received DOM event "beforeunload" for "about:blank"
1506076134914	Marionette	DEBUG	Received DOM event "pagehide" for "about:blank"
1506076134914	Marionette	DEBUG	Received DOM event "unload" for "about:blank"
1506076136356	Marionette	DEBUG	Received DOM event "DOMContentLoaded" for "https://www.toysrus.com/product?productId=97150726&rrec=true"
1506076136616	Marionette	DEBUG	Received DOM event "DOMContentLoaded" for "https://www.toysrus.com/product?productId=97150726&rrec=true"
1506076136618	Marionette	DEBUG	Received DOM event "pageshow" for "https://www.toysrus.com/product?productId=97150726&rrec=true"
1506076136659	Marionette	DEBUG	Received DOM event "DOMContentLoaded" for "https://www.toysrus.com/product?productId=97150726&rrec=true"
1506076136691	Marionette	DEBUG	Received DOM event "pageshow" for "https://www.toysrus.com/product?productId=97150726&rrec=true"
1506076136735	Marionette	DEBUG	Received observer notification "outer-window-destroyed" for "2147483659"
1506076137395	Marionette	DEBUG	Received DOM event "DOMContentLoaded" for "https://www.toysrus.com/t2typeahead/iframe"
1506076137402	Marionette	DEBUG	Received DOM event "pageshow" for "https://www.toysrus.com/t2typeahead/iframe"
1506076140517	Marionette	DEBUG	Received DOM event "DOMContentLoaded" for "https://cdn.userreplay.net/us1c109b316e661034bf17178837937d405-tru.html"
1506076140518	Marionette	DEBUG	Received DOM event "pageshow" for "https://cdn.userreplay.net/us1c109b316e661034bf17178837937d405-tru.html"
1506076140562	Marionette	DEBUG	Received DOM event "DOMContentLoaded" for "https://cnv.toysrus.com/nv/toysrus/nv_cross_origin.html?origin=https://www.toysrus.com&group=toysrus&expiry=1800"
1506076140563	Marionette	DEBUG	Received DOM event "pageshow" for "https://cnv.toysrus.com/nv/toysrus/nv_cross_origin.html?origin=https://www.toysrus.com&group=toysrus&expiry=1800"
1506076143187	Marionette	DEBUG	Received DOM event "pageshow" for "https://www.toysrus.com/product?productId=97150726&rrec=true"
1506076143680	Marionette	INFO	New connections will no longer be accepted
1506076168170	geckodriver	INFO	geckodriver 0.18.0
1506076168176	geckodriver	INFO	Listening on 127.0.0.1:45486
1506076169255	geckodriver::marionette	INFO	Starting browser /usr/bin/firefox with args ["-marionette"]
1506076169924	Marionette	INFO	Enabled via --marionette
1506076171685	Marionette	INFO	Listening on port 45302
JavaScript error: chrome://marionette/content/server.js, line 337: NS_ERROR_SOCKET_ADDRESS_IN_USE: Component returned failure code: 0x804b0036 (NS_ERROR_SOCKET_ADDRESS_IN_USE) [nsIServerSocket.initSpecialConnection]
1506076171779	Marionette	WARN	TLS certificate errors will be ignored for this session
1506076171835	Marionette	DEBUG	loaded listener.js
1506076171960	Marionette	DEBUG	Received DOM event "beforeunload" for "about:blank"
1506076172188	Marionette	DEBUG	Received DOM event "pagehide" for "about:blank"
1506076172188	Marionette	DEBUG	Received DOM event "unload" for "about:blank"
1506076173460	Marionette	DEBUG	Received DOM event "DOMContentLoaded" for "https://www.toysrus.com/product?productId=97150726&rrec=true"
1506076174332	Marionette	DEBUG	Received DOM event "DOMContentLoaded" for "https://www.toysrus.com/t2typeahead/iframe"
1506076174342	Marionette	DEBUG	Received DOM event "pageshow" for "https://www.toysrus.com/t2typeahead/iframe"
1506076176303	Marionette	DEBUG	Received DOM event "DOMContentLoaded" for "https://www.toysrus.com/product?productId=97150726&rrec=true"
1506076176306	Marionette	DEBUG	Received DOM event "pageshow" for "https://www.toysrus.com/product?productId=97150726&rrec=true"
1506076176308	Marionette	DEBUG	Received DOM event "DOMContentLoaded" for "https://www.toysrus.com/product?productId=97150726&rrec=true"
1506076176312	Marionette	DEBUG	Received DOM event "pageshow" for "https://www.toysrus.com/product?productId=97150726&rrec=true"
1506076176610	Marionette	DEBUG	Received observer notification "outer-window-destroyed" for "2147483662"
1506076177513	Marionette	DEBUG	Received DOM event "DOMContentLoaded" for "https://cdn.userreplay.net/us1c109b316e661034bf17178837937d405-tru.html"
1506076177514	Marionette	DEBUG	Received DOM event "pageshow" for "https://cdn.userreplay.net/us1c109b316e661034bf17178837937d405-tru.html"
1506076178312	Marionette	DEBUG	Received DOM event "DOMContentLoaded" for "https://cnv.toysrus.com/nv/toysrus/nv_cross_origin.html?origin=https://www.toysrus.com&group=toysrus&expiry=1800"
1506076178316	Marionette	DEBUG	Received DOM event "pageshow" for "https://cnv.toysrus.com/nv/toysrus/nv_cross_origin.html?origin=https://www.toysrus.com&group=toysrus&expiry=1800"
1506076179419	Marionette	DEBUG	Received DOM event "pageshow" for "https://www.toysrus.com/product?productId=97150726&rrec=true"
1506076179905	Marionette	INFO	New connections will no longer be accepted
1506076457477	geckodriver	INFO	geckodriver 0.18.0
1506076457483	geckodriver	INFO	Listening on 127.0.0.1:59140
1506076458566	geckodriver::marionette	INFO	Starting browser /usr/bin/firefox with args ["-marionette"]
1506076459202	Marionette	INFO	Enabled via --marionette
1506076460729	Marionette	INFO	Listening on port 42084
JavaScript error: chrome://marionette/content/server.js, line 337: NS_ERROR_SOCKET_ADDRESS_IN_USE: Component returned failure code: 0x804b0036 (NS_ERROR_SOCKET_ADDRESS_IN_USE) [nsIServerSocket.initSpecialConnection]
1506076460794	Marionette	WARN	TLS certificate errors will be ignored for this session
1506076460845	Marionette	DEBUG	loaded listener.js
1506076460959	Marionette	DEBUG	Received DOM event "beforeunload" for "about:blank"
1506076461955	Marionette	DEBUG	Received DOM event "pagehide" for "about:blank"
1506076461955	Marionette	DEBUG	Received DOM event "unload" for "about:blank"
1506076463034	Marionette	DEBUG	Received DOM event "DOMContentLoaded" for "https://www.toysrus.com/product?productId=97150726&rrec=true"
1506076463256	Marionette	DEBUG	Received DOM event "DOMContentLoaded" for "https://www.toysrus.com/product?productId=97150726&rrec=true"
1506076463258	Marionette	DEBUG	Received DOM event "pageshow" for "https://www.toysrus.com/product?productId=97150726&rrec=true"
1506076463366	Marionette	DEBUG	Received DOM event "DOMContentLoaded" for "https://www.toysrus.com/product?productId=97150726&rrec=true"
1506076463370	Marionette	DEBUG	Received DOM event "pageshow" for "https://www.toysrus.com/product?productId=97150726&rrec=true"
1506076463772	Marionette	DEBUG	Received observer notification "outer-window-destroyed" for "2147483659"
1506076466112	Marionette	DEBUG	Received DOM event "DOMContentLoaded" for "https://www.toysrus.com/t2typeahead/iframe"
1506076466117	Marionette	DEBUG	Received DOM event "pageshow" for "https://www.toysrus.com/t2typeahead/iframe"
1506076466742	Marionette	DEBUG	Received DOM event "DOMContentLoaded" for "https://cdn.userreplay.net/us1c109b316e661034bf17178837937d405-tru.html"
1506076466744	Marionette	DEBUG	Received DOM event "pageshow" for "https://cdn.userreplay.net/us1c109b316e661034bf17178837937d405-tru.html"
1506076467401	Marionette	DEBUG	Received DOM event "DOMContentLoaded" for "https://cnv.toysrus.com/nv/toysrus/nv_cross_origin.html?origin=https://www.toysrus.com&group=toysrus&expiry=1800"
1506076467402	Marionette	DEBUG	Received DOM event "pageshow" for "https://cnv.toysrus.com/nv/toysrus/nv_cross_origin.html?origin=https://www.toysrus.com&group=toysrus&expiry=1800"
1506076469613	Marionette	DEBUG	Received DOM event "pageshow" for "https://www.toysrus.com/product?productId=97150726&rrec=true"
1506076470080	Marionette	INFO	New connections will no longer be accepted
1506076675954	geckodriver	INFO	geckodriver 0.18.0
1506076675960	geckodriver	INFO	Listening on 127.0.0.1:43333
1506076676049	geckodriver::marionette	INFO	Starting browser /usr/bin/firefox with args ["-marionette"]
1506076676679	Marionette	INFO	Enabled via --marionette
1506076678094	Marionette	INFO	Listening on port 44514
1506076678206	Marionette	WARN	TLS certificate errors will be ignored for this session
JavaScript error: chrome://marionette/content/server.js, line 337: NS_ERROR_SOCKET_ADDRESS_IN_USE: Component returned failure code: 0x804b0036 (NS_ERROR_SOCKET_ADDRESS_IN_USE) [nsIServerSocket.initSpecialConnection]
1506076678253	Marionette	DEBUG	loaded listener.js
1506076678386	Marionette	DEBUG	Received DOM event "beforeunload" for "about:blank"
1506076678737	Marionette	DEBUG	Received DOM event "pagehide" for "about:blank"
1506076678738	Marionette	DEBUG	Received DOM event "unload" for "about:blank"
1506076680125	Marionette	DEBUG	Received DOM event "DOMContentLoaded" for "https://www.toysrus.com/product?productId=97150726&rrec=true"
1506076680371	Marionette	DEBUG	Received DOM event "DOMContentLoaded" for "https://www.toysrus.com/product?productId=97150726&rrec=true"
1506076680374	Marionette	DEBUG	Received DOM event "pageshow" for "https://www.toysrus.com/product?productId=97150726&rrec=true"
1506076680485	Marionette	DEBUG	Received DOM event "DOMContentLoaded" for "https://www.toysrus.com/product?productId=97150726&rrec=true"
1506076680489	Marionette	DEBUG	Received DOM event "pageshow" for "https://www.toysrus.com/product?productId=97150726&rrec=true"
1506076680658	Marionette	DEBUG	Received observer notification "outer-window-destroyed" for "2147483659"
1506076681571	Marionette	DEBUG	Received DOM event "DOMContentLoaded" for "https://www.toysrus.com/t2typeahead/iframe"
1506076681582	Marionette	DEBUG	Received DOM event "pageshow" for "https://www.toysrus.com/t2typeahead/iframe"
1506076684669	Marionette	DEBUG	Received DOM event "DOMContentLoaded" for "https://cdn.userreplay.net/us1c109b316e661034bf17178837937d405-tru.html"
1506076684670	Marionette	DEBUG	Received DOM event "pageshow" for "https://cdn.userreplay.net/us1c109b316e661034bf17178837937d405-tru.html"
1506076684874	Marionette	DEBUG	Received DOM event "DOMContentLoaded" for "https://cnv.toysrus.com/nv/toysrus/nv_cross_origin.html?origin=https://www.toysrus.com&group=toysrus&expiry=1800"
1506076684876	Marionette	DEBUG	Received DOM event "pageshow" for "https://cnv.toysrus.com/nv/toysrus/nv_cross_origin.html?origin=https://www.toysrus.com&group=toysrus&expiry=1800"
1506076687240	Marionette	DEBUG	Received DOM event "pageshow" for "https://www.toysrus.com/product?productId=97150726&rrec=true"
1506076689094	Marionette	INFO	New connections will no longer be accepted
1506076830603	geckodriver	INFO	geckodriver 0.18.0
1506076830610	geckodriver	INFO	Listening on 127.0.0.1:46976
1506076831692	geckodriver::marionette	INFO	Starting browser /usr/bin/firefox with args ["-marionette"]
1506076832338	Marionette	INFO	Enabled via --marionette
1506076833909	Marionette	INFO	Listening on port 44439
JavaScript error: chrome://marionette/content/server.js, line 337: NS_ERROR_SOCKET_ADDRESS_IN_USE: Component returned failure code: 0x804b0036 (NS_ERROR_SOCKET_ADDRESS_IN_USE) [nsIServerSocket.initSpecialConnection]
1506076834011	Marionette	WARN	TLS certificate errors will be ignored for this session
1506076834063	Marionette	DEBUG	loaded listener.js
1506076834180	Marionette	DEBUG	Received DOM event "beforeunload" for "about:blank"
1506076834572	Marionette	DEBUG	Received DOM event "pagehide" for "about:blank"
1506076834573	Marionette	DEBUG	Received DOM event "unload" for "about:blank"
1506076835644	Marionette	DEBUG	Received DOM event "DOMContentLoaded" for "https://www.toysrus.com/product?productId=97150726&rrec=true"
1506076836279	Marionette	DEBUG	Received DOM event "DOMContentLoaded" for "https://www.toysrus.com/t2typeahead/iframe"
1506076836288	Marionette	DEBUG	Received DOM event "pageshow" for "https://www.toysrus.com/t2typeahead/iframe"
1506076836289	Marionette	DEBUG	Received DOM event "DOMContentLoaded" for "https://www.toysrus.com/product?productId=97150726&rrec=true"
1506076836292	Marionette	DEBUG	Received DOM event "pageshow" for "https://www.toysrus.com/product?productId=97150726&rrec=true"
1506076836302	Marionette	DEBUG	Received DOM event "DOMContentLoaded" for "https://www.toysrus.com/product?productId=97150726&rrec=true"
1506076836306	Marionette	DEBUG	Received DOM event "pageshow" for "https://www.toysrus.com/product?productId=97150726&rrec=true"
1506076836519	Marionette	DEBUG	Received observer notification "outer-window-destroyed" for "2147483659"
1506076839187	Marionette	DEBUG	Received DOM event "DOMContentLoaded" for "https://cdn.userreplay.net/us1c109b316e661034bf17178837937d405-tru.html"
1506076839190	Marionette	DEBUG	Received DOM event "pageshow" for "https://cdn.userreplay.net/us1c109b316e661034bf17178837937d405-tru.html"
1506076840293	Marionette	DEBUG	Received DOM event "DOMContentLoaded" for "https://cnv.toysrus.com/nv/toysrus/nv_cross_origin.html?origin=https://www.toysrus.com&group=toysrus&expiry=1800"
1506076840295	Marionette	DEBUG	Received DOM event "pageshow" for "https://cnv.toysrus.com/nv/toysrus/nv_cross_origin.html?origin=https://www.toysrus.com&group=toysrus&expiry=1800"
1506076841042	Marionette	DEBUG	Received DOM event "pageshow" for "https://www.toysrus.com/product?productId=97150726&rrec=true"
1506076841482	Marionette	INFO	New connections will no longer be accepted
1506076940053	geckodriver	INFO	geckodriver 0.18.0
1506076940059	geckodriver	INFO	Listening on 127.0.0.1:49210
1506076941143	geckodriver::marionette	INFO	Starting browser /usr/bin/firefox with args ["-marionette"]
1506076941796	Marionette	INFO	Enabled via --marionette
1506076943200	Marionette	INFO	Listening on port 44874
JavaScript error: chrome://marionette/content/server.js, line 337: NS_ERROR_SOCKET_ADDRESS_IN_USE: Component returned failure code: 0x804b0036 (NS_ERROR_SOCKET_ADDRESS_IN_USE) [nsIServerSocket.initSpecialConnection]
1506076943324	Marionette	WARN	TLS certificate errors will be ignored for this session
1506076943373	Marionette	DEBUG	loaded listener.js
1506076943490	Marionette	DEBUG	Received DOM event "beforeunload" for "about:blank"
1506076943770	Marionette	DEBUG	Received DOM event "pagehide" for "about:blank"
1506076943771	Marionette	DEBUG	Received DOM event "unload" for "about:blank"
1506076945260	Marionette	DEBUG	Received DOM event "DOMContentLoaded" for "https://www.toysrus.com/product?productId=97150726&rrec=true"
1506076945595	Marionette	DEBUG	Received DOM event "DOMContentLoaded" for "https://www.toysrus.com/product?productId=97150726&rrec=true"
1506076945599	Marionette	DEBUG	Received DOM event "pageshow" for "https://www.toysrus.com/product?productId=97150726&rrec=true"
1506076945988	Marionette	DEBUG	Received DOM event "DOMContentLoaded" for "https://www.toysrus.com/product?productId=97150726&rrec=true"
1506076945992	Marionette	DEBUG	Received DOM event "pageshow" for "https://www.toysrus.com/product?productId=97150726&rrec=true"
1506076946147	Marionette	DEBUG	Received observer notification "outer-window-destroyed" for "2147483659"
1506076949306	Marionette	DEBUG	Received DOM event "DOMContentLoaded" for "https://www.toysrus.com/t2typeahead/iframe"
1506076949314	Marionette	DEBUG	Received DOM event "pageshow" for "https://www.toysrus.com/t2typeahead/iframe"
1506076949340	Marionette	DEBUG	Received DOM event "DOMContentLoaded" for "https://cdn.userreplay.net/us1c109b316e661034bf17178837937d405-tru.html"
1506076949342	Marionette	DEBUG	Received DOM event "pageshow" for "https://cdn.userreplay.net/us1c109b316e661034bf17178837937d405-tru.html"
1506076949833	Marionette	DEBUG	Received DOM event "DOMContentLoaded" for "https://cnv.toysrus.com/nv/toysrus/nv_cross_origin.html?origin=https://www.toysrus.com&group=toysrus&expiry=1800"
1506076949835	Marionette	DEBUG	Received DOM event "pageshow" for "https://cnv.toysrus.com/nv/toysrus/nv_cross_origin.html?origin=https://www.toysrus.com&group=toysrus&expiry=1800"
1506076951786	Marionette	DEBUG	Received DOM event "pageshow" for "https://www.toysrus.com/product?productId=97150726&rrec=true"
1506076952278	Marionette	INFO	New connections will no longer be accepted
JavaScript error: https://fba.omniretailgroup.net/main-bru-built.js, line 2: TypeError: e is undefined
1506076985395	geckodriver	INFO	geckodriver 0.18.0
1506076985400	geckodriver	INFO	Listening on 127.0.0.1:37415
1506076986479	geckodriver::marionette	INFO	Starting browser /usr/bin/firefox with args ["-marionette"]
1506076987132	Marionette	INFO	Enabled via --marionette
1506076988668	Marionette	INFO	Listening on port 40523
JavaScript error: chrome://marionette/content/server.js, line 337: NS_ERROR_SOCKET_ADDRESS_IN_USE: Component returned failure code: 0x804b0036 (NS_ERROR_SOCKET_ADDRESS_IN_USE) [nsIServerSocket.initSpecialConnection]
1506076988701	Marionette	WARN	TLS certificate errors will be ignored for this session
1506076988756	Marionette	DEBUG	loaded listener.js
1506076988871	Marionette	DEBUG	Received DOM event "beforeunload" for "about:blank"
1506076989148	Marionette	DEBUG	Received DOM event "pagehide" for "about:blank"
1506076989148	Marionette	DEBUG	Received DOM event "unload" for "about:blank"
1506076990401	Marionette	DEBUG	Received DOM event "DOMContentLoaded" for "https://www.toysrus.com/product?productId=97150726&rrec=true"
1506076991179	Marionette	DEBUG	Received DOM event "DOMContentLoaded" for "https://www.toysrus.com/product?productId=97150726&rrec=true"
1506076991182	Marionette	DEBUG	Received DOM event "pageshow" for "https://www.toysrus.com/product?productId=97150726&rrec=true"
1506076991197	Marionette	DEBUG	Received DOM event "DOMContentLoaded" for "https://www.toysrus.com/product?productId=97150726&rrec=true"
1506076991200	Marionette	DEBUG	Received DOM event "pageshow" for "https://www.toysrus.com/product?productId=97150726&rrec=true"
1506076991364	Marionette	DEBUG	Received observer notification "outer-window-destroyed" for "2147483659"
1506076993747	Marionette	DEBUG	Received DOM event "DOMContentLoaded" for "https://www.toysrus.com/t2typeahead/iframe"
1506076993755	Marionette	DEBUG	Received DOM event "pageshow" for "https://www.toysrus.com/t2typeahead/iframe"
1506076994673	Marionette	DEBUG	Received DOM event "DOMContentLoaded" for "https://cdn.userreplay.net/us1c109b316e661034bf17178837937d405-tru.html"
1506076994676	Marionette	DEBUG	Received DOM event "pageshow" for "https://cdn.userreplay.net/us1c109b316e661034bf17178837937d405-tru.html"
1506076995661	Marionette	DEBUG	Received DOM event "DOMContentLoaded" for "https://cnv.toysrus.com/nv/toysrus/nv_cross_origin.html?origin=https://www.toysrus.com&group=toysrus&expiry=1800"
1506076995664	Marionette	DEBUG	Received DOM event "pageshow" for "https://cnv.toysrus.com/nv/toysrus/nv_cross_origin.html?origin=https://www.toysrus.com&group=toysrus&expiry=1800"
1506076998382	Marionette	DEBUG	Received DOM event "pageshow" for "https://www.toysrus.com/product?productId=97150726&rrec=true"
1506076998870	Marionette	INFO	New connections will no longer be accepted
JavaScript error: https://fba.omniretailgroup.net/main-bru-built.js, line 2: TypeError: e is undefined
1506077048817	geckodriver	INFO	geckodriver 0.18.0
1506077048824	geckodriver	INFO	Listening on 127.0.0.1:49602
1506077049904	geckodriver::marionette	INFO	Starting browser /usr/bin/firefox with args ["-marionette"]
1506077050558	Marionette	INFO	Enabled via --marionette
1506077052084	Marionette	INFO	Listening on port 45711
JavaScript error: chrome://marionette/content/server.js, line 337: NS_ERROR_SOCKET_ADDRESS_IN_USE: Component returned failure code: 0x804b0036 (NS_ERROR_SOCKET_ADDRESS_IN_USE) [nsIServerSocket.initSpecialConnection]
1506077052128	Marionette	WARN	TLS certificate errors will be ignored for this session
1506077052177	Marionette	DEBUG	loaded listener.js
1506077052301	Marionette	DEBUG	Received DOM event "beforeunload" for "about:blank"
1506077052563	Marionette	DEBUG	Received DOM event "pagehide" for "about:blank"
1506077052563	Marionette	DEBUG	Received DOM event "unload" for "about:blank"
1506077053676	Marionette	DEBUG	Received DOM event "DOMContentLoaded" for "https://www.toysrus.com/product?productId=97150726&rrec=true"
1506077054068	Marionette	DEBUG	Received DOM event "DOMContentLoaded" for "https://www.toysrus.com/product?productId=97150726&rrec=true"
1506077054070	Marionette	DEBUG	Received DOM event "pageshow" for "https://www.toysrus.com/product?productId=97150726&rrec=true"
1506077054587	Marionette	DEBUG	Received DOM event "DOMContentLoaded" for "https://www.toysrus.com/product?productId=97150726&rrec=true"
1506077054590	Marionette	DEBUG	Received DOM event "pageshow" for "https://www.toysrus.com/product?productId=97150726&rrec=true"
1506077054754	Marionette	DEBUG	Received observer notification "outer-window-destroyed" for "2147483659"
1506077054762	Marionette	DEBUG	Received DOM event "DOMContentLoaded" for "https://www.toysrus.com/t2typeahead/iframe"
1506077054769	Marionette	DEBUG	Received DOM event "pageshow" for "https://www.toysrus.com/t2typeahead/iframe"
1506077057963	Marionette	DEBUG	Received DOM event "DOMContentLoaded" for "https://cdn.userreplay.net/us1c109b316e661034bf17178837937d405-tru.html"
1506077057966	Marionette	DEBUG	Received DOM event "pageshow" for "https://cdn.userreplay.net/us1c109b316e661034bf17178837937d405-tru.html"
1506077058497	Marionette	DEBUG	Received DOM event "DOMContentLoaded" for "https://cnv.toysrus.com/nv/toysrus/nv_cross_origin.html?origin=https://www.toysrus.com&group=toysrus&expiry=1800"
1506077058498	Marionette	DEBUG	Received DOM event "pageshow" for "https://cnv.toysrus.com/nv/toysrus/nv_cross_origin.html?origin=https://www.toysrus.com&group=toysrus&expiry=1800"
1506077059016	Marionette	DEBUG	Received DOM event "pageshow" for "https://www.toysrus.com/product?productId=97150726&rrec=true"
1506077059527	Marionette	INFO	New connections will no longer be accepted
1506077076351	geckodriver	INFO	geckodriver 0.18.0
1506077076358	geckodriver	INFO	Listening on 127.0.0.1:58111
1506077077436	geckodriver::marionette	INFO	Starting browser /usr/bin/firefox with args ["-marionette"]
1506077078083	Marionette	INFO	Enabled via --marionette
1506077079529	Marionette	INFO	Listening on port 35400
JavaScript error: chrome://marionette/content/server.js, line 337: NS_ERROR_SOCKET_ADDRESS_IN_USE: Component returned failure code: 0x804b0036 (NS_ERROR_SOCKET_ADDRESS_IN_USE) [nsIServerSocket.initSpecialConnection]
1506077079660	Marionette	WARN	TLS certificate errors will be ignored for this session
1506077079712	Marionette	DEBUG	loaded listener.js
1506077079837	Marionette	DEBUG	Received DOM event "beforeunload" for "about:blank"
1506077080254	Marionette	DEBUG	Received DOM event "pagehide" for "about:blank"
1506077080255	Marionette	DEBUG	Received DOM event "unload" for "about:blank"
1506077080716	Marionette	DEBUG	Received observer notification "outer-window-destroyed" for "2147483649"
JavaScript error: , line 0: TypeError: NetworkError when attempting to fetch resource.
[Child 11406] WARNING: pipe error (3): Connection reset by peer: file /build/firefox-S0wyi8/firefox-55.0.2+build1/ipc/chromium/src/chrome/common/ipc_channel_posix.cc, line 353
1506077190802	geckodriver	INFO	geckodriver 0.18.0
1506077190808	geckodriver	INFO	Listening on 127.0.0.1:42617
1506077191884	geckodriver::marionette	INFO	Starting browser /usr/bin/firefox with args ["-marionette"]
1506077192524	Marionette	INFO	Enabled via --marionette
1506077193929	Marionette	INFO	Listening on port 35584
JavaScript error: chrome://marionette/content/server.js, line 337: NS_ERROR_SOCKET_ADDRESS_IN_USE: Component returned failure code: 0x804b0036 (NS_ERROR_SOCKET_ADDRESS_IN_USE) [nsIServerSocket.initSpecialConnection]
1506077194054	Marionette	WARN	TLS certificate errors will be ignored for this session
1506077194106	Marionette	DEBUG	loaded listener.js
1506077194232	Marionette	DEBUG	Received DOM event "beforeunload" for "about:blank"
1506077194599	Marionette	DEBUG	Received DOM event "pagehide" for "about:blank"
1506077194600	Marionette	DEBUG	Received DOM event "unload" for "about:blank"
1506077195717	Marionette	DEBUG	Received DOM event "DOMContentLoaded" for "https://www.toysrus.com/product?productId=97150726&rrec=true"
1506077196525	Marionette	DEBUG	Received DOM event "DOMContentLoaded" for "https://www.toysrus.com/t2typeahead/iframe"
1506077196531	Marionette	DEBUG	Received DOM event "pageshow" for "https://www.toysrus.com/t2typeahead/iframe"
1506077196531	Marionette	DEBUG	Received DOM event "DOMContentLoaded" for "https://www.toysrus.com/product?productId=97150726&rrec=true"
1506077196533	Marionette	DEBUG	Received DOM event "pageshow" for "https://www.toysrus.com/product?productId=97150726&rrec=true"
1506077196541	Marionette	DEBUG	Received DOM event "DOMContentLoaded" for "https://www.toysrus.com/product?productId=97150726&rrec=true"
1506077196545	Marionette	DEBUG	Received DOM event "pageshow" for "https://www.toysrus.com/product?productId=97150726&rrec=true"
1506077196678	Marionette	DEBUG	Received observer notification "outer-window-destroyed" for "2147483659"
1506077199775	Marionette	DEBUG	Received DOM event "DOMContentLoaded" for "https://cdn.userreplay.net/us1c109b316e661034bf17178837937d405-tru.html"
1506077199778	Marionette	DEBUG	Received DOM event "pageshow" for "https://cdn.userreplay.net/us1c109b316e661034bf17178837937d405-tru.html"
1506077200050	Marionette	DEBUG	Received DOM event "DOMContentLoaded" for "https://cnv.toysrus.com/nv/toysrus/nv_cross_origin.html?origin=https://www.toysrus.com&group=toysrus&expiry=1800"
1506077200051	Marionette	DEBUG	Received DOM event "pageshow" for "https://cnv.toysrus.com/nv/toysrus/nv_cross_origin.html?origin=https://www.toysrus.com&group=toysrus&expiry=1800"
1506077200990	Marionette	DEBUG	Received DOM event "pageshow" for "https://www.toysrus.com/product?productId=97150726&rrec=true"
1506077201515	Marionette	INFO	New connections will no longer be accepted
1506077484954	geckodriver	INFO	geckodriver 0.18.0
1506077484961	geckodriver	INFO	Listening on 127.0.0.1:48116
1506077486043	geckodriver::marionette	INFO	Starting browser /usr/bin/firefox with args ["-marionette"]
1506077486690	Marionette	INFO	Enabled via --marionette
1506077488214	Marionette	INFO	Listening on port 43436
JavaScript error: chrome://marionette/content/server.js, line 337: NS_ERROR_SOCKET_ADDRESS_IN_USE: Component returned failure code: 0x804b0036 (NS_ERROR_SOCKET_ADDRESS_IN_USE) [nsIServerSocket.initSpecialConnection]
1506077488264	Marionette	WARN	TLS certificate errors will be ignored for this session
1506077488315	Marionette	DEBUG	loaded listener.js
1506077488444	Marionette	DEBUG	Received DOM event "beforeunload" for "about:blank"
1506077489863	Marionette	DEBUG	Received DOM event "pagehide" for "about:blank"
1506077489864	Marionette	DEBUG	Received DOM event "unload" for "about:blank"
1506077491790	Marionette	DEBUG	Received DOM event "DOMContentLoaded" for "https://www.lazada.com.my/dz09-smart-watch-bluetooth-touchscreenforandroidandiossilverblack-11006289.html?spm=a2o4k.cart.0.0.jjMrxH&mp=1"
1506077491882	Marionette	DEBUG	Received DOM event "DOMContentLoaded" for "https://www.lazada.com.my/dz09-smart-watch-bluetooth-touchscreenforandroidandiossilverblack-11006289.html?spm=a2o4k.cart.0.0.jjMrxH&mp=1"
1506077491887	Marionette	DEBUG	Received DOM event "pageshow" for "https://www.lazada.com.my/dz09-smart-watch-bluetooth-touchscreenforandroidandiossilverblack-11006289.html?spm=a2o4k.cart.0.0.jjMrxH&mp=1"
1506077491887	Marionette	DEBUG	Received DOM event "DOMContentLoaded" for "https://www.lazada.com.my/dz09-smart-watch-bluetooth-touchscreenforandroidandiossilverblack-11006289.html?spm=a2o4k.cart.0.0.jjMrxH&mp=1"
1506077491889	Marionette	DEBUG	Received DOM event "pageshow" for "https://www.lazada.com.my/dz09-smart-watch-bluetooth-touchscreenforandroidandiossilverblack-11006289.html?spm=a2o4k.cart.0.0.jjMrxH&mp=1"
JavaScript error: https://www.lazada.com.my/dz09-smart-watch-bluetooth-touchscreenforandroidandiossilverblack-11006289.html?spm=a2o4k.cart.0.0.jjMrxH&mp=1, line 8055: TypeError: window.goldlog.setPageSPM is not a function
1506077492638	Marionette	DEBUG	Received DOM event "DOMContentLoaded" for "https://accounts.google.com/o/oauth2/postmessageRelay?parent=https%3A%2F%2Fwww.lazada.com.my&jsh=m%3B%2F_%2Fscs%2Fapps-static%2F_%2Fjs%2Fk%3Doz.gapi.sr.ZtEIR4n1KLk.O%2Fm%3D__features__%2Fam%3DAQ%2Frt%3Dj%2Fd%3D1%2Frs%3DAGLTcCMTj7K2O7Xrac-syfvpuOiNSPcWKQ#rpctoken=493107084&forcesecure=1"
1506077492700	Marionette	DEBUG	Received DOM event "pageshow" for "https://accounts.google.com/o/oauth2/postmessageRelay?parent=https%3A%2F%2Fwww.lazada.com.my&jsh=m%3B%2F_%2Fscs%2Fapps-static%2F_%2Fjs%2Fk%3Doz.gapi.sr.ZtEIR4n1KLk.O%2Fm%3D__features__%2Fam%3DAQ%2Frt%3Dj%2Fd%3D1%2Frs%3DAGLTcCMTj7K2O7Xrac-syfvpuOiNSPcWKQ#rpctoken=493107084&forcesecure=1"
1506077493550	Marionette	DEBUG	Received DOM event "DOMContentLoaded" for "https://itscenter.alipay.com/home/pc.htm?apikey=ebuckler_lazada&token=p7tpujcbr27hms4h59nvf44m97&userid=&sid=&href=https%3A%2F%2Fwww.lazada.com.my%2Fdz09-smart-watch-bluetooth-touchscreenforandroidandiossilverblack-11006289.html%3Fspm%3Da2o4k.cart.0.0.jjMrxH%26mp%3D1"
1506077493943	Marionette	DEBUG	Received DOM event "pageshow" for "https://itscenter.alipay.com/home/pc.htm?apikey=ebuckler_lazada&token=p7tpujcbr27hms4h59nvf44m97&userid=&sid=&href=https%3A%2F%2Fwww.lazada.com.my%2Fdz09-smart-watch-bluetooth-touchscreenforandroidandiossilverblack-11006289.html%3Fspm%3Da2o4k.cart.0.0.jjMrxH%26mp%3D1"
1506077494699	Marionette	DEBUG	Received DOM event "pageshow" for "https://www.lazada.com.my/dz09-smart-watch-bluetooth-touchscreenforandroidandiossilverblack-11006289.html?spm=a2o4k.cart.0.0.jjMrxH&mp=1"
JavaScript warning: https://6bf746ad5bc91a240a3d-1d8fbdf7ecdc2b67730d7c561f0d1dfd.ssl.cf2.rackcdn.com/webyclip-lazada-ph-pdp-default-loader.min.js, line 12: unreachable code after return statement
1506077495315	Marionette	INFO	New connections will no longer be accepted
1506077520942	geckodriver	INFO	geckodriver 0.18.0
1506077520948	geckodriver	INFO	Listening on 127.0.0.1:45954
1506077522028	geckodriver::marionette	INFO	Starting browser /usr/bin/firefox with args ["-marionette"]
1506077522686	Marionette	INFO	Enabled via --marionette
1506077524209	Marionette	INFO	Listening on port 38908
JavaScript error: chrome://marionette/content/server.js, line 337: NS_ERROR_SOCKET_ADDRESS_IN_USE: Component returned failure code: 0x804b0036 (NS_ERROR_SOCKET_ADDRESS_IN_USE) [nsIServerSocket.initSpecialConnection]
1506077524246	Marionette	WARN	TLS certificate errors will be ignored for this session
1506077524291	Marionette	DEBUG	loaded listener.js
1506077524411	Marionette	DEBUG	Received DOM event "beforeunload" for "about:blank"
1506077525076	Marionette	DEBUG	Received DOM event "pagehide" for "about:blank"
1506077525077	Marionette	DEBUG	Received DOM event "unload" for "about:blank"
1506077526230	Marionette	DEBUG	Received DOM event "DOMContentLoaded" for "https://www.lazada.com.my/dz09-smart-watch-bluetooth-touchscreenforandroidandiossilverblack-11006289.html?spm=a2o4k.cart.0.0.jjMrxH&mp=1"
1506077526290	Marionette	DEBUG	Received DOM event "DOMContentLoaded" for "https://www.lazada.com.my/dz09-smart-watch-bluetooth-touchscreenforandroidandiossilverblack-11006289.html?spm=a2o4k.cart.0.0.jjMrxH&mp=1"
1506077526294	Marionette	DEBUG	Received DOM event "pageshow" for "https://www.lazada.com.my/dz09-smart-watch-bluetooth-touchscreenforandroidandiossilverblack-11006289.html?spm=a2o4k.cart.0.0.jjMrxH&mp=1"
1506077526295	Marionette	DEBUG	Received DOM event "DOMContentLoaded" for "https://www.lazada.com.my/dz09-smart-watch-bluetooth-touchscreenforandroidandiossilverblack-11006289.html?spm=a2o4k.cart.0.0.jjMrxH&mp=1"
1506077526297	Marionette	DEBUG	Received DOM event "pageshow" for "https://www.lazada.com.my/dz09-smart-watch-bluetooth-touchscreenforandroidandiossilverblack-11006289.html?spm=a2o4k.cart.0.0.jjMrxH&mp=1"
JavaScript error: https://www.lazada.com.my/dz09-smart-watch-bluetooth-touchscreenforandroidandiossilverblack-11006289.html?spm=a2o4k.cart.0.0.jjMrxH&mp=1, line 8052: TypeError: window.goldlog.setPageSPM is not a function
1506077527299	Marionette	DEBUG	Received DOM event "DOMContentLoaded" for "https://accounts.google.com/o/oauth2/postmessageRelay?parent=https%3A%2F%2Fwww.lazada.com.my&jsh=m%3B%2F_%2Fscs%2Fapps-static%2F_%2Fjs%2Fk%3Doz.gapi.sr.ZtEIR4n1KLk.O%2Fm%3D__features__%2Fam%3DAQ%2Frt%3Dj%2Fd%3D1%2Frs%3DAGLTcCMTj7K2O7Xrac-syfvpuOiNSPcWKQ#rpctoken=325502433&forcesecure=1"
1506077527316	Marionette	DEBUG	Received DOM event "DOMContentLoaded" for "https://itscenter.alipay.com/home/pc.htm?apikey=ebuckler_lazada&token=hotfictbf23msbd2q5mflcitm5&userid=&sid=&href=https%3A%2F%2Fwww.lazada.com.my%2Fdz09-smart-watch-bluetooth-touchscreenforandroidandiossilverblack-11006289.html%3Fspm%3Da2o4k.cart.0.0.jjMrxH%26mp%3D1"
1506077527371	Marionette	DEBUG	Received DOM event "pageshow" for "https://accounts.google.com/o/oauth2/postmessageRelay?parent=https%3A%2F%2Fwww.lazada.com.my&jsh=m%3B%2F_%2Fscs%2Fapps-static%2F_%2Fjs%2Fk%3Doz.gapi.sr.ZtEIR4n1KLk.O%2Fm%3D__features__%2Fam%3DAQ%2Frt%3Dj%2Fd%3D1%2Frs%3DAGLTcCMTj7K2O7Xrac-syfvpuOiNSPcWKQ#rpctoken=325502433&forcesecure=1"
1506077527923	Marionette	DEBUG	Received DOM event "pageshow" for "https://itscenter.alipay.com/home/pc.htm?apikey=ebuckler_lazada&token=hotfictbf23msbd2q5mflcitm5&userid=&sid=&href=https%3A%2F%2Fwww.lazada.com.my%2Fdz09-smart-watch-bluetooth-touchscreenforandroidandiossilverblack-11006289.html%3Fspm%3Da2o4k.cart.0.0.jjMrxH%26mp%3D1"
1506077528809	Marionette	DEBUG	Received DOM event "pageshow" for "https://www.lazada.com.my/dz09-smart-watch-bluetooth-touchscreenforandroidandiossilverblack-11006289.html?spm=a2o4k.cart.0.0.jjMrxH&mp=1"
JavaScript warning: https://6bf746ad5bc91a240a3d-1d8fbdf7ecdc2b67730d7c561f0d1dfd.ssl.cf2.rackcdn.com/webyclip-lazada-ph-pdp-default-loader.min.js, line 12: unreachable code after return statement
1506077529378	Marionette	INFO	New connections will no longer be accepted
1506078329182	geckodriver	INFO	geckodriver 0.18.0
1506078329187	geckodriver	INFO	Listening on 127.0.0.1:41823
1506078330264	geckodriver::marionette	INFO	Starting browser /usr/bin/firefox with args ["-marionette"]
1506078330891	Marionette	INFO	Enabled via --marionette
1506078332450	Marionette	INFO	Listening on port 35598
JavaScript error: chrome://marionette/content/server.js, line 337: NS_ERROR_SOCKET_ADDRESS_IN_USE: Component returned failure code: 0x804b0036 (NS_ERROR_SOCKET_ADDRESS_IN_USE) [nsIServerSocket.initSpecialConnection]
1506078332486	Marionette	WARN	TLS certificate errors will be ignored for this session
1506078332537	Marionette	DEBUG	loaded listener.js
1506078332661	Marionette	DEBUG	Received DOM event "beforeunload" for "about:blank"
1506078333793	Marionette	DEBUG	Received DOM event "pagehide" for "about:blank"
1506078333793	Marionette	DEBUG	Received DOM event "unload" for "about:blank"
1506078335511	Marionette	DEBUG	Received DOM event "DOMContentLoaded" for "https://www.lazada.com.my/dz09-smart-watch-bluetooth-touchscreenforandroidandiossilverblack-11006289.html?spm=a2o4k.cart.0.0.jjMrxH&mp=1"
1506078335514	Marionette	DEBUG	Received DOM event "pageshow" for "https://www.lazada.com.my/dz09-smart-watch-bluetooth-touchscreenforandroidandiossilverblack-11006289.html?spm=a2o4k.cart.0.0.jjMrxH&mp=1"
1506078335514	Marionette	DEBUG	Received DOM event "DOMContentLoaded" for "https://www.lazada.com.my/dz09-smart-watch-bluetooth-touchscreenforandroidandiossilverblack-11006289.html?spm=a2o4k.cart.0.0.jjMrxH&mp=1"
1506078335516	Marionette	DEBUG	Received DOM event "pageshow" for "https://www.lazada.com.my/dz09-smart-watch-bluetooth-touchscreenforandroidandiossilverblack-11006289.html?spm=a2o4k.cart.0.0.jjMrxH&mp=1"
1506078336077	Marionette	DEBUG	Received DOM event "DOMContentLoaded" for "https://www.lazada.com.my/dz09-smart-watch-bluetooth-touchscreenforandroidandiossilverblack-11006289.html?spm=a2o4k.cart.0.0.jjMrxH&mp=1"
JavaScript error: https://www.lazada.com.my/dz09-smart-watch-bluetooth-touchscreenforandroidandiossilverblack-11006289.html?spm=a2o4k.cart.0.0.jjMrxH&mp=1, line 8055: TypeError: window.goldlog.setPageSPM is not a function
1506078336805	Marionette	DEBUG	Received DOM event "DOMContentLoaded" for "https://accounts.google.com/o/oauth2/postmessageRelay?parent=https%3A%2F%2Fwww.lazada.com.my&jsh=m%3B%2F_%2Fscs%2Fapps-static%2F_%2Fjs%2Fk%3Doz.gapi.sr.ZtEIR4n1KLk.O%2Fm%3D__features__%2Fam%3DAQ%2Frt%3Dj%2Fd%3D1%2Frs%3DAGLTcCMTj7K2O7Xrac-syfvpuOiNSPcWKQ#rpctoken=743379067&forcesecure=1"
1506078336862	Marionette	DEBUG	Received DOM event "pageshow" for "https://accounts.google.com/o/oauth2/postmessageRelay?parent=https%3A%2F%2Fwww.lazada.com.my&jsh=m%3B%2F_%2Fscs%2Fapps-static%2F_%2Fjs%2Fk%3Doz.gapi.sr.ZtEIR4n1KLk.O%2Fm%3D__features__%2Fam%3DAQ%2Frt%3Dj%2Fd%3D1%2Frs%3DAGLTcCMTj7K2O7Xrac-syfvpuOiNSPcWKQ#rpctoken=743379067&forcesecure=1"
1506078338061	Marionette	DEBUG	Received DOM event "DOMContentLoaded" for "https://itscenter.alipay.com/home/pc.htm?apikey=ebuckler_lazada&token=3le6bslmu0go4co8i4nf8a3cj1&userid=&sid=&href=https%3A%2F%2Fwww.lazada.com.my%2Fdz09-smart-watch-bluetooth-touchscreenforandroidandiossilverblack-11006289.html%3Fspm%3Da2o4k.cart.0.0.jjMrxH%26mp%3D1"
1506078338380	Marionette	DEBUG	Received DOM event "pageshow" for "https://itscenter.alipay.com/home/pc.htm?apikey=ebuckler_lazada&token=3le6bslmu0go4co8i4nf8a3cj1&userid=&sid=&href=https%3A%2F%2Fwww.lazada.com.my%2Fdz09-smart-watch-bluetooth-touchscreenforandroidandiossilverblack-11006289.html%3Fspm%3Da2o4k.cart.0.0.jjMrxH%26mp%3D1"
1506078338390	Marionette	DEBUG	Received DOM event "pageshow" for "https://www.lazada.com.my/dz09-smart-watch-bluetooth-touchscreenforandroidandiossilverblack-11006289.html?spm=a2o4k.cart.0.0.jjMrxH&mp=1"
JavaScript warning: https://6bf746ad5bc91a240a3d-1d8fbdf7ecdc2b67730d7c561f0d1dfd.ssl.cf2.rackcdn.com/webyclip-lazada-ph-pdp-default-loader.min.js, line 12: unreachable code after return statement
1506078338962	Marionette	INFO	New connections will no longer be accepted
1506078369065	geckodriver	INFO	geckodriver 0.18.0
1506078369072	geckodriver	INFO	Listening on 127.0.0.1:49610
1506078370152	geckodriver::marionette	INFO	Starting browser /usr/bin/firefox with args ["-marionette"]
1506078370830	Marionette	INFO	Enabled via --marionette
1506078372325	Marionette	INFO	Listening on port 40309
JavaScript error: chrome://marionette/content/server.js, line 337: NS_ERROR_SOCKET_ADDRESS_IN_USE: Component returned failure code: 0x804b0036 (NS_ERROR_SOCKET_ADDRESS_IN_USE) [nsIServerSocket.initSpecialConnection]
1506078372370	Marionette	WARN	TLS certificate errors will be ignored for this session
1506078372412	Marionette	DEBUG	loaded listener.js
1506078372529	Marionette	DEBUG	Received DOM event "beforeunload" for "about:blank"
1506078373289	Marionette	DEBUG	Received DOM event "pagehide" for "about:blank"
1506078373290	Marionette	DEBUG	Received DOM event "unload" for "about:blank"
1506078374389	Marionette	DEBUG	Received DOM event "DOMContentLoaded" for "https://www.lazada.com.my/dz09-smart-watch-bluetooth-touchscreenforandroidandiossilverblack-11006289.html?spm=a2o4k.cart.0.0.jjMrxH&mp=1"
1506078374409	Marionette	DEBUG	Received DOM event "DOMContentLoaded" for "https://www.lazada.com.my/dz09-smart-watch-bluetooth-touchscreenforandroidandiossilverblack-11006289.html?spm=a2o4k.cart.0.0.jjMrxH&mp=1"
1506078374412	Marionette	DEBUG	Received DOM event "pageshow" for "https://www.lazada.com.my/dz09-smart-watch-bluetooth-touchscreenforandroidandiossilverblack-11006289.html?spm=a2o4k.cart.0.0.jjMrxH&mp=1"
1506078374412	Marionette	DEBUG	Received DOM event "DOMContentLoaded" for "https://www.lazada.com.my/dz09-smart-watch-bluetooth-touchscreenforandroidandiossilverblack-11006289.html?spm=a2o4k.cart.0.0.jjMrxH&mp=1"
1506078374414	Marionette	DEBUG	Received DOM event "pageshow" for "https://www.lazada.com.my/dz09-smart-watch-bluetooth-touchscreenforandroidandiossilverblack-11006289.html?spm=a2o4k.cart.0.0.jjMrxH&mp=1"
JavaScript error: https://www.lazada.com.my/dz09-smart-watch-bluetooth-touchscreenforandroidandiossilverblack-11006289.html?spm=a2o4k.cart.0.0.jjMrxH&mp=1, line 8052: TypeError: window.goldlog.setPageSPM is not a function
1506078375316	Marionette	DEBUG	Received DOM event "DOMContentLoaded" for "https://accounts.google.com/o/oauth2/postmessageRelay?parent=https%3A%2F%2Fwww.lazada.com.my&jsh=m%3B%2F_%2Fscs%2Fapps-static%2F_%2Fjs%2Fk%3Doz.gapi.sr.ZtEIR4n1KLk.O%2Fm%3D__features__%2Fam%3DAQ%2Frt%3Dj%2Fd%3D1%2Frs%3DAGLTcCMTj7K2O7Xrac-syfvpuOiNSPcWKQ#rpctoken=850695163&forcesecure=1"
1506078375376	Marionette	DEBUG	Received DOM event "pageshow" for "https://accounts.google.com/o/oauth2/postmessageRelay?parent=https%3A%2F%2Fwww.lazada.com.my&jsh=m%3B%2F_%2Fscs%2Fapps-static%2F_%2Fjs%2Fk%3Doz.gapi.sr.ZtEIR4n1KLk.O%2Fm%3D__features__%2Fam%3DAQ%2Frt%3Dj%2Fd%3D1%2Frs%3DAGLTcCMTj7K2O7Xrac-syfvpuOiNSPcWKQ#rpctoken=850695163&forcesecure=1"
1506078375523	Marionette	DEBUG	Received DOM event "DOMContentLoaded" for "https://itscenter.alipay.com/home/pc.htm?apikey=ebuckler_lazada&token=elf2fg0ccg2pej02pti2qs8po7&userid=&sid=&href=https%3A%2F%2Fwww.lazada.com.my%2Fdz09-smart-watch-bluetooth-touchscreenforandroidandiossilverblack-11006289.html%3Fspm%3Da2o4k.cart.0.0.jjMrxH%26mp%3D1"
1506078375949	Marionette	DEBUG	Received DOM event "pageshow" for "https://itscenter.alipay.com/home/pc.htm?apikey=ebuckler_lazada&token=elf2fg0ccg2pej02pti2qs8po7&userid=&sid=&href=https%3A%2F%2Fwww.lazada.com.my%2Fdz09-smart-watch-bluetooth-touchscreenforandroidandiossilverblack-11006289.html%3Fspm%3Da2o4k.cart.0.0.jjMrxH%26mp%3D1"
1506078375990	Marionette	DEBUG	Received DOM event "pageshow" for "https://www.lazada.com.my/dz09-smart-watch-bluetooth-touchscreenforandroidandiossilverblack-11006289.html?spm=a2o4k.cart.0.0.jjMrxH&mp=1"
JavaScript warning: https://6bf746ad5bc91a240a3d-1d8fbdf7ecdc2b67730d7c561f0d1dfd.ssl.cf2.rackcdn.com/webyclip-lazada-ph-pdp-default-loader.min.js, line 12: unreachable code after return statement
1506078376627	Marionette	INFO	New connections will no longer be accepted
1506078395873	geckodriver	INFO	geckodriver 0.18.0
1506078395880	geckodriver	INFO	Listening on 127.0.0.1:35667
1506078396962	geckodriver::marionette	INFO	Starting browser /usr/bin/firefox with args ["-marionette"]
1506078397610	Marionette	INFO	Enabled via --marionette
1506078399106	Marionette	INFO	Listening on port 41170
JavaScript error: chrome://marionette/content/server.js, line 337: NS_ERROR_SOCKET_ADDRESS_IN_USE: Component returned failure code: 0x804b0036 (NS_ERROR_SOCKET_ADDRESS_IN_USE) [nsIServerSocket.initSpecialConnection]
1506078399182	Marionette	WARN	TLS certificate errors will be ignored for this session
1506078399231	Marionette	DEBUG	loaded listener.js
1506078399354	Marionette	DEBUG	Received DOM event "beforeunload" for "about:blank"
1506078400058	Marionette	DEBUG	Received DOM event "pagehide" for "about:blank"
1506078400059	Marionette	DEBUG	Received DOM event "unload" for "about:blank"
1506078401560	Marionette	DEBUG	Received DOM event "DOMContentLoaded" for "https://www.lazada.com.my/dz09-smart-watch-bluetooth-touchscreenforandroidandiossilverblack-11006289.html?spm=a2o4k.cart.0.0.jjMrxH&mp=1"
1506078401715	Marionette	DEBUG	Received DOM event "DOMContentLoaded" for "https://www.lazada.com.my/dz09-smart-watch-bluetooth-touchscreenforandroidandiossilverblack-11006289.html?spm=a2o4k.cart.0.0.jjMrxH&mp=1"
1506078401719	Marionette	DEBUG	Received DOM event "pageshow" for "https://www.lazada.com.my/dz09-smart-watch-bluetooth-touchscreenforandroidandiossilverblack-11006289.html?spm=a2o4k.cart.0.0.jjMrxH&mp=1"
1506078401719	Marionette	DEBUG	Received DOM event "DOMContentLoaded" for "https://www.lazada.com.my/dz09-smart-watch-bluetooth-touchscreenforandroidandiossilverblack-11006289.html?spm=a2o4k.cart.0.0.jjMrxH&mp=1"
1506078401721	Marionette	DEBUG	Received DOM event "pageshow" for "https://www.lazada.com.my/dz09-smart-watch-bluetooth-touchscreenforandroidandiossilverblack-11006289.html?spm=a2o4k.cart.0.0.jjMrxH&mp=1"
JavaScript error: https://www.lazada.com.my/dz09-smart-watch-bluetooth-touchscreenforandroidandiossilverblack-11006289.html?spm=a2o4k.cart.0.0.jjMrxH&mp=1, line 8051: TypeError: window.goldlog.setPageSPM is not a function
1506078402460	Marionette	DEBUG	Received DOM event "DOMContentLoaded" for "https://accounts.google.com/o/oauth2/postmessageRelay?parent=https%3A%2F%2Fwww.lazada.com.my&jsh=m%3B%2F_%2Fscs%2Fapps-static%2F_%2Fjs%2Fk%3Doz.gapi.sr.ZtEIR4n1KLk.O%2Fm%3D__features__%2Fam%3DAQ%2Frt%3Dj%2Fd%3D1%2Frs%3DAGLTcCMTj7K2O7Xrac-syfvpuOiNSPcWKQ#rpctoken=871246482&forcesecure=1"
1506078402528	Marionette	DEBUG	Received DOM event "pageshow" for "https://accounts.google.com/o/oauth2/postmessageRelay?parent=https%3A%2F%2Fwww.lazada.com.my&jsh=m%3B%2F_%2Fscs%2Fapps-static%2F_%2Fjs%2Fk%3Doz.gapi.sr.ZtEIR4n1KLk.O%2Fm%3D__features__%2Fam%3DAQ%2Frt%3Dj%2Fd%3D1%2Frs%3DAGLTcCMTj7K2O7Xrac-syfvpuOiNSPcWKQ#rpctoken=871246482&forcesecure=1"
1506078402910	Marionette	DEBUG	Received DOM event "DOMContentLoaded" for "https://itscenter.alipay.com/home/pc.htm?apikey=ebuckler_lazada&token=grvkukss7bpqn769t3lgmashk7&userid=&sid=&href=https%3A%2F%2Fwww.lazada.com.my%2Fdz09-smart-watch-bluetooth-touchscreenforandroidandiossilverblack-11006289.html%3Fspm%3Da2o4k.cart.0.0.jjMrxH%26mp%3D1"
1506078403229	Marionette	DEBUG	Received DOM event "pageshow" for "https://itscenter.alipay.com/home/pc.htm?apikey=ebuckler_lazada&token=grvkukss7bpqn769t3lgmashk7&userid=&sid=&href=https%3A%2F%2Fwww.lazada.com.my%2Fdz09-smart-watch-bluetooth-touchscreenforandroidandiossilverblack-11006289.html%3Fspm%3Da2o4k.cart.0.0.jjMrxH%26mp%3D1"
1506078403236	Marionette	DEBUG	Received DOM event "pageshow" for "https://www.lazada.com.my/dz09-smart-watch-bluetooth-touchscreenforandroidandiossilverblack-11006289.html?spm=a2o4k.cart.0.0.jjMrxH&mp=1"
JavaScript warning: https://6bf746ad5bc91a240a3d-1d8fbdf7ecdc2b67730d7c561f0d1dfd.ssl.cf2.rackcdn.com/webyclip-lazada-ph-pdp-default-loader.min.js, line 12: unreachable code after return statement
1506078403794	Marionette	INFO	New connections will no longer be accepted
[Child 13094] WARNING: pipe error (3): Connection reset by peer: file /build/firefox-S0wyi8/firefox-55.0.2+build1/ipc/chromium/src/chrome/common/ipc_channel_posix.cc, line 353
1506078798780	geckodriver	INFO	geckodriver 0.18.0
1506078798786	geckodriver	INFO	Listening on 127.0.0.1:44276
1506078799870	geckodriver::marionette	INFO	Starting browser /usr/bin/firefox with args ["-marionette"]
1506078800509	Marionette	INFO	Enabled via --marionette
1506078802033	Marionette	INFO	Listening on port 37657
JavaScript error: chrome://marionette/content/server.js, line 337: NS_ERROR_SOCKET_ADDRESS_IN_USE: Component returned failure code: 0x804b0036 (NS_ERROR_SOCKET_ADDRESS_IN_USE) [nsIServerSocket.initSpecialConnection]
1506078802095	Marionette	WARN	TLS certificate errors will be ignored for this session
1506078802146	Marionette	DEBUG	loaded listener.js
1506078802265	Marionette	DEBUG	Received DOM event "beforeunload" for "about:blank"
1506078802982	Marionette	DEBUG	Received DOM event "pagehide" for "about:blank"
1506078802982	Marionette	DEBUG	Received DOM event "unload" for "about:blank"
1506078804376	Marionette	DEBUG	Received DOM event "DOMContentLoaded" for "https://www.lazada.com.my/dz09-smart-watch-bluetooth-touchscreenforandroidandiossilverblack-11006289.html?spm=a2o4k.cart.0.0.jjMrxH&mp=1"
1506078804779	Marionette	DEBUG	Received DOM event "DOMContentLoaded" for "https://www.lazada.com.my/dz09-smart-watch-bluetooth-touchscreenforandroidandiossilverblack-11006289.html?spm=a2o4k.cart.0.0.jjMrxH&mp=1"
1506078804784	Marionette	DEBUG	Received DOM event "pageshow" for "https://www.lazada.com.my/dz09-smart-watch-bluetooth-touchscreenforandroidandiossilverblack-11006289.html?spm=a2o4k.cart.0.0.jjMrxH&mp=1"
1506078804788	Marionette	DEBUG	Received DOM event "DOMContentLoaded" for "https://www.lazada.com.my/dz09-smart-watch-bluetooth-touchscreenforandroidandiossilverblack-11006289.html?spm=a2o4k.cart.0.0.jjMrxH&mp=1"
1506078804791	Marionette	DEBUG	Received DOM event "pageshow" for "https://www.lazada.com.my/dz09-smart-watch-bluetooth-touchscreenforandroidandiossilverblack-11006289.html?spm=a2o4k.cart.0.0.jjMrxH&mp=1"
JavaScript error: https://www.lazada.com.my/dz09-smart-watch-bluetooth-touchscreenforandroidandiossilverblack-11006289.html?spm=a2o4k.cart.0.0.jjMrxH&mp=1, line 8054: TypeError: window.goldlog.setPageSPM is not a function
1506078805612	Marionette	DEBUG	Received DOM event "DOMContentLoaded" for "https://accounts.google.com/o/oauth2/postmessageRelay?parent=https%3A%2F%2Fwww.lazada.com.my&jsh=m%3B%2F_%2Fscs%2Fapps-static%2F_%2Fjs%2Fk%3Doz.gapi.sr.ZtEIR4n1KLk.O%2Fm%3D__features__%2Fam%3DAQ%2Frt%3Dj%2Fd%3D1%2Frs%3DAGLTcCMTj7K2O7Xrac-syfvpuOiNSPcWKQ#rpctoken=534650075&forcesecure=1"
1506078805670	Marionette	DEBUG	Received DOM event "pageshow" for "https://accounts.google.com/o/oauth2/postmessageRelay?parent=https%3A%2F%2Fwww.lazada.com.my&jsh=m%3B%2F_%2Fscs%2Fapps-static%2F_%2Fjs%2Fk%3Doz.gapi.sr.ZtEIR4n1KLk.O%2Fm%3D__features__%2Fam%3DAQ%2Frt%3Dj%2Fd%3D1%2Frs%3DAGLTcCMTj7K2O7Xrac-syfvpuOiNSPcWKQ#rpctoken=534650075&forcesecure=1"
1506078806395	Marionette	DEBUG	Received DOM event "DOMContentLoaded" for "https://itscenter.alipay.com/home/pc.htm?apikey=ebuckler_lazada&token=ntc3e9teduha5mhrfk0c957gh0&userid=&sid=&href=https%3A%2F%2Fwww.lazada.com.my%2Fdz09-smart-watch-bluetooth-touchscreenforandroidandiossilverblack-11006289.html%3Fspm%3Da2o4k.cart.0.0.jjMrxH%26mp%3D1"
1506078806908	Marionette	DEBUG	Received DOM event "pageshow" for "https://itscenter.alipay.com/home/pc.htm?apikey=ebuckler_lazada&token=ntc3e9teduha5mhrfk0c957gh0&userid=&sid=&href=https%3A%2F%2Fwww.lazada.com.my%2Fdz09-smart-watch-bluetooth-touchscreenforandroidandiossilverblack-11006289.html%3Fspm%3Da2o4k.cart.0.0.jjMrxH%26mp%3D1"
1506078808413	Marionette	DEBUG	Received DOM event "pageshow" for "https://www.lazada.com.my/dz09-smart-watch-bluetooth-touchscreenforandroidandiossilverblack-11006289.html?spm=a2o4k.cart.0.0.jjMrxH&mp=1"
JavaScript warning: https://6bf746ad5bc91a240a3d-1d8fbdf7ecdc2b67730d7c561f0d1dfd.ssl.cf2.rackcdn.com/webyclip-lazada-ph-pdp-default-loader.min.js, line 12: unreachable code after return statement
1506078808952	Marionette	INFO	New connections will no longer be accepted
1506081799664	geckodriver	INFO	geckodriver 0.18.0
1506081799671	geckodriver	INFO	Listening on 127.0.0.1:59597
1506081800749	geckodriver::marionette	INFO	Starting browser /usr/bin/firefox with args ["-marionette"]
1506081801407	Marionette	INFO	Enabled via --marionette
1506081802967	Marionette	INFO	Listening on port 46221
JavaScript error: chrome://marionette/content/server.js, line 337: NS_ERROR_SOCKET_ADDRESS_IN_USE: Component returned failure code: 0x804b0036 (NS_ERROR_SOCKET_ADDRESS_IN_USE) [nsIServerSocket.initSpecialConnection]
1506081803071	Marionette	WARN	TLS certificate errors will be ignored for this session
1506081803123	Marionette	DEBUG	loaded listener.js
1506081803242	Marionette	DEBUG	Received DOM event "beforeunload" for "about:blank"
1506081805076	Marionette	DEBUG	Received DOM event "pagehide" for "about:blank"
1506081805076	Marionette	DEBUG	Received DOM event "unload" for "about:blank"
1506081806085	Marionette	DEBUG	Received DOM event "DOMContentLoaded" for "https://www.lazada.com.my/dz09-smart-watch-bluetooth-touchscreenforandroidandiossilverblack-11006289.html?spm=a2o4k.cart.0.0.jjMrxH&mp=1"
1506081806088	Marionette	DEBUG	Received DOM event "pageshow" for "https://www.lazada.com.my/dz09-smart-watch-bluetooth-touchscreenforandroidandiossilverblack-11006289.html?spm=a2o4k.cart.0.0.jjMrxH&mp=1"
1506081806088	Marionette	DEBUG	Received DOM event "DOMContentLoaded" for "https://www.lazada.com.my/dz09-smart-watch-bluetooth-touchscreenforandroidandiossilverblack-11006289.html?spm=a2o4k.cart.0.0.jjMrxH&mp=1"
1506081806090	Marionette	DEBUG	Received DOM event "pageshow" for "https://www.lazada.com.my/dz09-smart-watch-bluetooth-touchscreenforandroidandiossilverblack-11006289.html?spm=a2o4k.cart.0.0.jjMrxH&mp=1"
1506081806784	Marionette	DEBUG	Received DOM event "DOMContentLoaded" for "https://www.lazada.com.my/dz09-smart-watch-bluetooth-touchscreenforandroidandiossilverblack-11006289.html?spm=a2o4k.cart.0.0.jjMrxH&mp=1"
JavaScript error: https://www.lazada.com.my/dz09-smart-watch-bluetooth-touchscreenforandroidandiossilverblack-11006289.html?spm=a2o4k.cart.0.0.jjMrxH&mp=1, line 8052: TypeError: window.goldlog.setPageSPM is not a function
1506081807418	Marionette	DEBUG	Received DOM event "DOMContentLoaded" for "https://accounts.google.com/o/oauth2/postmessageRelay?parent=https%3A%2F%2Fwww.lazada.com.my&jsh=m%3B%2F_%2Fscs%2Fapps-static%2F_%2Fjs%2Fk%3Doz.gapi.sr.ZtEIR4n1KLk.O%2Fm%3D__features__%2Fam%3DAQ%2Frt%3Dj%2Fd%3D1%2Frs%3DAGLTcCMTj7K2O7Xrac-syfvpuOiNSPcWKQ#rpctoken=795562461&forcesecure=1"
1506081807470	Marionette	DEBUG	Received DOM event "pageshow" for "https://accounts.google.com/o/oauth2/postmessageRelay?parent=https%3A%2F%2Fwww.lazada.com.my&jsh=m%3B%2F_%2Fscs%2Fapps-static%2F_%2Fjs%2Fk%3Doz.gapi.sr.ZtEIR4n1KLk.O%2Fm%3D__features__%2Fam%3DAQ%2Frt%3Dj%2Fd%3D1%2Frs%3DAGLTcCMTj7K2O7Xrac-syfvpuOiNSPcWKQ#rpctoken=795562461&forcesecure=1"
1506081808132	Marionette	DEBUG	Received DOM event "DOMContentLoaded" for "https://itscenter.alipay.com/home/pc.htm?apikey=ebuckler_lazada&token=g7liii3g7frl98gf3n32381pq2&userid=&sid=&href=https%3A%2F%2Fwww.lazada.com.my%2Fdz09-smart-watch-bluetooth-touchscreenforandroidandiossilverblack-11006289.html%3Fspm%3Da2o4k.cart.0.0.jjMrxH%26mp%3D1"
1506081808413	Marionette	DEBUG	Received DOM event "pageshow" for "https://itscenter.alipay.com/home/pc.htm?apikey=ebuckler_lazada&token=g7liii3g7frl98gf3n32381pq2&userid=&sid=&href=https%3A%2F%2Fwww.lazada.com.my%2Fdz09-smart-watch-bluetooth-touchscreenforandroidandiossilverblack-11006289.html%3Fspm%3Da2o4k.cart.0.0.jjMrxH%26mp%3D1"
1506081808421	Marionette	DEBUG	Received DOM event "pageshow" for "https://www.lazada.com.my/dz09-smart-watch-bluetooth-touchscreenforandroidandiossilverblack-11006289.html?spm=a2o4k.cart.0.0.jjMrxH&mp=1"
JavaScript warning: https://6bf746ad5bc91a240a3d-1d8fbdf7ecdc2b67730d7c561f0d1dfd.ssl.cf2.rackcdn.com/webyclip-lazada-ph-pdp-default-loader.min.js, line 12: unreachable code after return statement
1506081808955	Marionette	INFO	New connections will no longer be accepted
[Child 14893] WARNING: pipe error (3): Connection reset by peer: file /build/firefox-S0wyi8/firefox-55.0.2+build1/ipc/chromium/src/chrome/common/ipc_channel_posix.cc, line 353
1506081869309	geckodriver	INFO	geckodriver 0.18.0
1506081869315	geckodriver	INFO	Listening on 127.0.0.1:36205
1506081870392	geckodriver::marionette	INFO	Starting browser /usr/bin/firefox with args ["-marionette"]
1506081871054	Marionette	INFO	Enabled via --marionette
1506081872600	Marionette	INFO	Listening on port 33535
1506081872614	Marionette	WARN	TLS certificate errors will be ignored for this session
JavaScript error: chrome://marionette/content/server.js, line 337: NS_ERROR_SOCKET_ADDRESS_IN_USE: Component returned failure code: 0x804b0036 (NS_ERROR_SOCKET_ADDRESS_IN_USE) [nsIServerSocket.initSpecialConnection]
1506081872662	Marionette	DEBUG	loaded listener.js
1506081872784	Marionette	DEBUG	Received DOM event "beforeunload" for "about:blank"
1506081873464	Marionette	DEBUG	Received DOM event "pagehide" for "about:blank"
1506081873464	Marionette	DEBUG	Received DOM event "unload" for "about:blank"
1506081874650	Marionette	DEBUG	Received DOM event "DOMContentLoaded" for "https://www.lazada.com.my/dz09-smart-watch-bluetooth-touchscreenforandroidandiossilverblack-11006289.html?spm=a2o4k.cart.0.0.jjMrxH&mp=1"
1506081874759	Marionette	DEBUG	Received DOM event "DOMContentLoaded" for "https://www.lazada.com.my/dz09-smart-watch-bluetooth-touchscreenforandroidandiossilverblack-11006289.html?spm=a2o4k.cart.0.0.jjMrxH&mp=1"
1506081874763	Marionette	DEBUG	Received DOM event "pageshow" for "https://www.lazada.com.my/dz09-smart-watch-bluetooth-touchscreenforandroidandiossilverblack-11006289.html?spm=a2o4k.cart.0.0.jjMrxH&mp=1"
1506081874764	Marionette	DEBUG	Received DOM event "DOMContentLoaded" for "https://www.lazada.com.my/dz09-smart-watch-bluetooth-touchscreenforandroidandiossilverblack-11006289.html?spm=a2o4k.cart.0.0.jjMrxH&mp=1"
1506081874766	Marionette	DEBUG	Received DOM event "pageshow" for "https://www.lazada.com.my/dz09-smart-watch-bluetooth-touchscreenforandroidandiossilverblack-11006289.html?spm=a2o4k.cart.0.0.jjMrxH&mp=1"
JavaScript error: https://www.lazada.com.my/dz09-smart-watch-bluetooth-touchscreenforandroidandiossilverblack-11006289.html?spm=a2o4k.cart.0.0.jjMrxH&mp=1, line 8055: TypeError: window.goldlog.setPageSPM is not a function
1506081875745	Marionette	DEBUG	Received DOM event "DOMContentLoaded" for "https://accounts.google.com/o/oauth2/postmessageRelay?parent=https%3A%2F%2Fwww.lazada.com.my&jsh=m%3B%2F_%2Fscs%2Fapps-static%2F_%2Fjs%2Fk%3Doz.gapi.sr.ZtEIR4n1KLk.O%2Fm%3D__features__%2Fam%3DAQ%2Frt%3Dj%2Fd%3D1%2Frs%3DAGLTcCMTj7K2O7Xrac-syfvpuOiNSPcWKQ#rpctoken=774811977&forcesecure=1"
1506081875777	Marionette	DEBUG	Received DOM event "DOMContentLoaded" for "https://itscenter.alipay.com/home/pc.htm?apikey=ebuckler_lazada&token=af83rm1v06p9324hpf9j7vkre2&userid=&sid=&href=https%3A%2F%2Fwww.lazada.com.my%2Fdz09-smart-watch-bluetooth-touchscreenforandroidandiossilverblack-11006289.html%3Fspm%3Da2o4k.cart.0.0.jjMrxH%26mp%3D1"
1506081875816	Marionette	DEBUG	Received DOM event "pageshow" for "https://accounts.google.com/o/oauth2/postmessageRelay?parent=https%3A%2F%2Fwww.lazada.com.my&jsh=m%3B%2F_%2Fscs%2Fapps-static%2F_%2Fjs%2Fk%3Doz.gapi.sr.ZtEIR4n1KLk.O%2Fm%3D__features__%2Fam%3DAQ%2Frt%3Dj%2Fd%3D1%2Frs%3DAGLTcCMTj7K2O7Xrac-syfvpuOiNSPcWKQ#rpctoken=774811977&forcesecure=1"
1506081876093	Marionette	DEBUG	Received DOM event "pageshow" for "https://itscenter.alipay.com/home/pc.htm?apikey=ebuckler_lazada&token=af83rm1v06p9324hpf9j7vkre2&userid=&sid=&href=https%3A%2F%2Fwww.lazada.com.my%2Fdz09-smart-watch-bluetooth-touchscreenforandroidandiossilverblack-11006289.html%3Fspm%3Da2o4k.cart.0.0.jjMrxH%26mp%3D1"
1506081877402	Marionette	DEBUG	Received DOM event "pageshow" for "https://www.lazada.com.my/dz09-smart-watch-bluetooth-touchscreenforandroidandiossilverblack-11006289.html?spm=a2o4k.cart.0.0.jjMrxH&mp=1"
JavaScript warning: https://6bf746ad5bc91a240a3d-1d8fbdf7ecdc2b67730d7c561f0d1dfd.ssl.cf2.rackcdn.com/webyclip-lazada-ph-pdp-default-loader.min.js, line 12: unreachable code after return statement
1506081877933	Marionette	INFO	New connections will no longer be accepted
1506081909550	geckodriver	INFO	geckodriver 0.18.0
1506081909556	geckodriver	INFO	Listening on 127.0.0.1:58957
1506081910634	geckodriver::marionette	INFO	Starting browser /usr/bin/firefox with args ["-marionette"]
1506081911278	Marionette	INFO	Enabled via --marionette
1506081912673	Marionette	INFO	Listening on port 40766
1506081912811	Marionette	WARN	TLS certificate errors will be ignored for this session
JavaScript error: chrome://marionette/content/server.js, line 337: NS_ERROR_SOCKET_ADDRESS_IN_USE: Component returned failure code: 0x804b0036 (NS_ERROR_SOCKET_ADDRESS_IN_USE) [nsIServerSocket.initSpecialConnection]
1506081912870	Marionette	DEBUG	loaded listener.js
1506081912994	Marionette	DEBUG	Received DOM event "beforeunload" for "about:blank"
1506081913701	Marionette	DEBUG	Received DOM event "pagehide" for "about:blank"
1506081913701	Marionette	DEBUG	Received DOM event "unload" for "about:blank"
1506081914351	Marionette	DEBUG	Received DOM event "DOMContentLoaded" for "https://www.lazada.com.my/dz09-smart-watch-bluetooth-touchscreenforandroidandiossilverblack-11006289.html?spm=a2o4k.cart.0.0.jjMrxH&mp=1"
1506081914355	Marionette	DEBUG	Received DOM event "pageshow" for "https://www.lazada.com.my/dz09-smart-watch-bluetooth-touchscreenforandroidandiossilverblack-11006289.html?spm=a2o4k.cart.0.0.jjMrxH&mp=1"
1506081914355	Marionette	DEBUG	Received DOM event "DOMContentLoaded" for "https://www.lazada.com.my/dz09-smart-watch-bluetooth-touchscreenforandroidandiossilverblack-11006289.html?spm=a2o4k.cart.0.0.jjMrxH&mp=1"
1506081914358	Marionette	DEBUG	Received DOM event "pageshow" for "https://www.lazada.com.my/dz09-smart-watch-bluetooth-touchscreenforandroidandiossilverblack-11006289.html?spm=a2o4k.cart.0.0.jjMrxH&mp=1"
1506081915180	Marionette	DEBUG	Received DOM event "DOMContentLoaded" for "https://www.lazada.com.my/dz09-smart-watch-bluetooth-touchscreenforandroidandiossilverblack-11006289.html?spm=a2o4k.cart.0.0.jjMrxH&mp=1"
JavaScript error: https://www.lazada.com.my/dz09-smart-watch-bluetooth-touchscreenforandroidandiossilverblack-11006289.html?spm=a2o4k.cart.0.0.jjMrxH&mp=1, line 8052: TypeError: window.goldlog.setPageSPM is not a function
1506081915951	Marionette	DEBUG	Received DOM event "DOMContentLoaded" for "https://accounts.google.com/o/oauth2/postmessageRelay?parent=https%3A%2F%2Fwww.lazada.com.my&jsh=m%3B%2F_%2Fscs%2Fapps-static%2F_%2Fjs%2Fk%3Doz.gapi.sr.ZtEIR4n1KLk.O%2Fm%3D__features__%2Fam%3DAQ%2Frt%3Dj%2Fd%3D1%2Frs%3DAGLTcCMTj7K2O7Xrac-syfvpuOiNSPcWKQ#rpctoken=330183489&forcesecure=1"
1506081916008	Marionette	DEBUG	Received DOM event "pageshow" for "https://accounts.google.com/o/oauth2/postmessageRelay?parent=https%3A%2F%2Fwww.lazada.com.my&jsh=m%3B%2F_%2Fscs%2Fapps-static%2F_%2Fjs%2Fk%3Doz.gapi.sr.ZtEIR4n1KLk.O%2Fm%3D__features__%2Fam%3DAQ%2Frt%3Dj%2Fd%3D1%2Frs%3DAGLTcCMTj7K2O7Xrac-syfvpuOiNSPcWKQ#rpctoken=330183489&forcesecure=1"
1506081916215	Marionette	DEBUG	Received DOM event "DOMContentLoaded" for "https://itscenter.alipay.com/home/pc.htm?apikey=ebuckler_lazada&token=halh3in42ftqh89mn05rc0bme6&userid=&sid=&href=https%3A%2F%2Fwww.lazada.com.my%2Fdz09-smart-watch-bluetooth-touchscreenforandroidandiossilverblack-11006289.html%3Fspm%3Da2o4k.cart.0.0.jjMrxH%26mp%3D1"
1506081916710	Marionette	DEBUG	Received DOM event "pageshow" for "https://itscenter.alipay.com/home/pc.htm?apikey=ebuckler_lazada&token=halh3in42ftqh89mn05rc0bme6&userid=&sid=&href=https%3A%2F%2Fwww.lazada.com.my%2Fdz09-smart-watch-bluetooth-touchscreenforandroidandiossilverblack-11006289.html%3Fspm%3Da2o4k.cart.0.0.jjMrxH%26mp%3D1"
1506081917352	Marionette	DEBUG	Received DOM event "pageshow" for "https://www.lazada.com.my/dz09-smart-watch-bluetooth-touchscreenforandroidandiossilverblack-11006289.html?spm=a2o4k.cart.0.0.jjMrxH&mp=1"
JavaScript warning: https://6bf746ad5bc91a240a3d-1d8fbdf7ecdc2b67730d7c561f0d1dfd.ssl.cf2.rackcdn.com/webyclip-lazada-ph-pdp-default-loader.min.js, line 12: unreachable code after return statement
1506081917929	Marionette	INFO	New connections will no longer be accepted
1506081976707	geckodriver	INFO	geckodriver 0.18.0
1506081976712	geckodriver	INFO	Listening on 127.0.0.1:32891
1506081977797	geckodriver::marionette	INFO	Starting browser /usr/bin/firefox with args ["-marionette"]
1506081978439	Marionette	INFO	Enabled via --marionette
1506081980003	Marionette	INFO	Listening on port 33635
1506081980015	Marionette	WARN	TLS certificate errors will be ignored for this session
JavaScript error: chrome://marionette/content/server.js, line 337: NS_ERROR_SOCKET_ADDRESS_IN_USE: Component returned failure code: 0x804b0036 (NS_ERROR_SOCKET_ADDRESS_IN_USE) [nsIServerSocket.initSpecialConnection]
1506081980065	Marionette	DEBUG	loaded listener.js
1506081980182	Marionette	DEBUG	Received DOM event "beforeunload" for "about:blank"
1506081980957	Marionette	DEBUG	Received DOM event "pagehide" for "about:blank"
1506081980958	Marionette	DEBUG	Received DOM event "unload" for "about:blank"
1506081982364	Marionette	DEBUG	Received DOM event "DOMContentLoaded" for "https://www.lazada.com.my/dz09-smart-watch-bluetooth-touchscreenforandroidandiossilverblack-11006289.html?spm=a2o4k.cart.0.0.jjMrxH&mp=1"
1506081982741	Marionette	DEBUG	Received DOM event "DOMContentLoaded" for "https://www.lazada.com.my/dz09-smart-watch-bluetooth-touchscreenforandroidandiossilverblack-11006289.html?spm=a2o4k.cart.0.0.jjMrxH&mp=1"
1506081982746	Marionette	DEBUG	Received DOM event "pageshow" for "https://www.lazada.com.my/dz09-smart-watch-bluetooth-touchscreenforandroidandiossilverblack-11006289.html?spm=a2o4k.cart.0.0.jjMrxH&mp=1"
1506081982746	Marionette	DEBUG	Received DOM event "DOMContentLoaded" for "https://www.lazada.com.my/dz09-smart-watch-bluetooth-touchscreenforandroidandiossilverblack-11006289.html?spm=a2o4k.cart.0.0.jjMrxH&mp=1"
1506081982749	Marionette	DEBUG	Received DOM event "pageshow" for "https://www.lazada.com.my/dz09-smart-watch-bluetooth-touchscreenforandroidandiossilverblack-11006289.html?spm=a2o4k.cart.0.0.jjMrxH&mp=1"
JavaScript error: https://www.lazada.com.my/dz09-smart-watch-bluetooth-touchscreenforandroidandiossilverblack-11006289.html?spm=a2o4k.cart.0.0.jjMrxH&mp=1, line 8052: TypeError: window.goldlog.setPageSPM is not a function
1506081983640	Marionette	DEBUG	Received DOM event "DOMContentLoaded" for "https://accounts.google.com/o/oauth2/postmessageRelay?parent=https%3A%2F%2Fwww.lazada.com.my&jsh=m%3B%2F_%2Fscs%2Fapps-static%2F_%2Fjs%2Fk%3Doz.gapi.sr.ZtEIR4n1KLk.O%2Fm%3D__features__%2Fam%3DAQ%2Frt%3Dj%2Fd%3D1%2Frs%3DAGLTcCMTj7K2O7Xrac-syfvpuOiNSPcWKQ#rpctoken=788555375&forcesecure=1"
1506081983714	Marionette	DEBUG	Received DOM event "pageshow" for "https://accounts.google.com/o/oauth2/postmessageRelay?parent=https%3A%2F%2Fwww.lazada.com.my&jsh=m%3B%2F_%2Fscs%2Fapps-static%2F_%2Fjs%2Fk%3Doz.gapi.sr.ZtEIR4n1KLk.O%2Fm%3D__features__%2Fam%3DAQ%2Frt%3Dj%2Fd%3D1%2Frs%3DAGLTcCMTj7K2O7Xrac-syfvpuOiNSPcWKQ#rpctoken=788555375&forcesecure=1"
1506081984709	Marionette	DEBUG	Received DOM event "DOMContentLoaded" for "https://itscenter.alipay.com/home/pc.htm?apikey=ebuckler_lazada&token=jclitf2b9o2as9dtuu6akbfam2&userid=&sid=&href=https%3A%2F%2Fwww.lazada.com.my%2Fdz09-smart-watch-bluetooth-touchscreenforandroidandiossilverblack-11006289.html%3Fspm%3Da2o4k.cart.0.0.jjMrxH%26mp%3D1"
1506081985123	Marionette	DEBUG	Received DOM event "pageshow" for "https://itscenter.alipay.com/home/pc.htm?apikey=ebuckler_lazada&token=jclitf2b9o2as9dtuu6akbfam2&userid=&sid=&href=https%3A%2F%2Fwww.lazada.com.my%2Fdz09-smart-watch-bluetooth-touchscreenforandroidandiossilverblack-11006289.html%3Fspm%3Da2o4k.cart.0.0.jjMrxH%26mp%3D1"
1506081985131	Marionette	DEBUG	Received DOM event "pageshow" for "https://www.lazada.com.my/dz09-smart-watch-bluetooth-touchscreenforandroidandiossilverblack-11006289.html?spm=a2o4k.cart.0.0.jjMrxH&mp=1"
JavaScript warning: https://6bf746ad5bc91a240a3d-1d8fbdf7ecdc2b67730d7c561f0d1dfd.ssl.cf2.rackcdn.com/webyclip-lazada-ph-pdp-default-loader.min.js, line 12: unreachable code after return statement
1506081985635	Marionette	INFO	New connections will no longer be accepted
[Child 15479] WARNING: pipe error (20): Connection reset by peer: file /build/firefox-S0wyi8/firefox-55.0.2+build1/ipc/chromium/src/chrome/common/ipc_channel_posix.cc, line 353
[Child 15479] WARNING: pipe error (3): Connection reset by peer: file /build/firefox-S0wyi8/firefox-55.0.2+build1/ipc/chromium/src/chrome/common/ipc_channel_posix.cc, line 353
1506082046859	geckodriver	INFO	geckodriver 0.18.0
1506082046864	geckodriver	INFO	Listening on 127.0.0.1:56886
1506082047948	geckodriver::marionette	INFO	Starting browser /usr/bin/firefox with args ["-marionette"]
1506082048580	Marionette	INFO	Enabled via --marionette
1506082049996	Marionette	INFO	Listening on port 37111
JavaScript error: chrome://marionette/content/server.js, line 337: NS_ERROR_SOCKET_ADDRESS_IN_USE: Component returned failure code: 0x804b0036 (NS_ERROR_SOCKET_ADDRESS_IN_USE) [nsIServerSocket.initSpecialConnection]
1506082050139	Marionette	WARN	TLS certificate errors will be ignored for this session
1506082050193	Marionette	DEBUG	loaded listener.js
1506082050318	Marionette	DEBUG	Received DOM event "beforeunload" for "about:blank"
1506082051866	Marionette	DEBUG	Received DOM event "pagehide" for "about:blank"
1506082051866	Marionette	DEBUG	Received DOM event "unload" for "about:blank"
1506082052369	Marionette	DEBUG	Received DOM event "DOMContentLoaded" for "https://www.lazada.com.my/dz09-smart-watch-bluetooth-touchscreenforandroidandiossilverblack-11006289.html?spm=a2o4k.cart.0.0.jjMrxH&mp=1"
1506082052427	Marionette	DEBUG	Received DOM event "pageshow" for "https://www.lazada.com.my/dz09-smart-watch-bluetooth-touchscreenforandroidandiossilverblack-11006289.html?spm=a2o4k.cart.0.0.jjMrxH&mp=1"
1506082052450	Marionette	DEBUG	Received DOM event "DOMContentLoaded" for "https://www.lazada.com.my/dz09-smart-watch-bluetooth-touchscreenforandroidandiossilverblack-11006289.html?spm=a2o4k.cart.0.0.jjMrxH&mp=1"
1506082052451	Marionette	DEBUG	Received DOM event "pageshow" for "https://www.lazada.com.my/dz09-smart-watch-bluetooth-touchscreenforandroidandiossilverblack-11006289.html?spm=a2o4k.cart.0.0.jjMrxH&mp=1"
1506082053560	Marionette	DEBUG	Received DOM event "DOMContentLoaded" for "https://www.lazada.com.my/dz09-smart-watch-bluetooth-touchscreenforandroidandiossilverblack-11006289.html?spm=a2o4k.cart.0.0.jjMrxH&mp=1"
JavaScript error: https://www.lazada.com.my/dz09-smart-watch-bluetooth-touchscreenforandroidandiossilverblack-11006289.html?spm=a2o4k.cart.0.0.jjMrxH&mp=1, line 8051: TypeError: window.goldlog.setPageSPM is not a function
1506082054100	Marionette	DEBUG	Received DOM event "DOMContentLoaded" for "https://accounts.google.com/o/oauth2/postmessageRelay?parent=https%3A%2F%2Fwww.lazada.com.my&jsh=m%3B%2F_%2Fscs%2Fapps-static%2F_%2Fjs%2Fk%3Doz.gapi.sr.ZtEIR4n1KLk.O%2Fm%3D__features__%2Fam%3DAQ%2Frt%3Dj%2Fd%3D1%2Frs%3DAGLTcCMTj7K2O7Xrac-syfvpuOiNSPcWKQ#rpctoken=802318659&forcesecure=1"
1506082054174	Marionette	DEBUG	Received DOM event "pageshow" for "https://accounts.google.com/o/oauth2/postmessageRelay?parent=https%3A%2F%2Fwww.lazada.com.my&jsh=m%3B%2F_%2Fscs%2Fapps-static%2F_%2Fjs%2Fk%3Doz.gapi.sr.ZtEIR4n1KLk.O%2Fm%3D__features__%2Fam%3DAQ%2Frt%3Dj%2Fd%3D1%2Frs%3DAGLTcCMTj7K2O7Xrac-syfvpuOiNSPcWKQ#rpctoken=802318659&forcesecure=1"
1506082055019	Marionette	DEBUG	Received DOM event "DOMContentLoaded" for "https://itscenter.alipay.com/home/pc.htm?apikey=ebuckler_lazada&token=21636521td4cbv13r20sb8dfg6&userid=&sid=&href=https%3A%2F%2Fwww.lazada.com.my%2Fdz09-smart-watch-bluetooth-touchscreenforandroidandiossilverblack-11006289.html%3Fspm%3Da2o4k.cart.0.0.jjMrxH%26mp%3D1"
1506082055339	Marionette	DEBUG	Received DOM event "pageshow" for "https://itscenter.alipay.com/home/pc.htm?apikey=ebuckler_lazada&token=21636521td4cbv13r20sb8dfg6&userid=&sid=&href=https%3A%2F%2Fwww.lazada.com.my%2Fdz09-smart-watch-bluetooth-touchscreenforandroidandiossilverblack-11006289.html%3Fspm%3Da2o4k.cart.0.0.jjMrxH%26mp%3D1"
1506082055347	Marionette	DEBUG	Received DOM event "pageshow" for "https://www.lazada.com.my/dz09-smart-watch-bluetooth-touchscreenforandroidandiossilverblack-11006289.html?spm=a2o4k.cart.0.0.jjMrxH&mp=1"
JavaScript warning: https://6bf746ad5bc91a240a3d-1d8fbdf7ecdc2b67730d7c561f0d1dfd.ssl.cf2.rackcdn.com/webyclip-lazada-ph-pdp-default-loader.min.js, line 12: unreachable code after return statement
1506082055893	Marionette	INFO	New connections will no longer be accepted
[Child 15708] WARNING: pipe error (20): Connection reset by peer: file /build/firefox-S0wyi8/firefox-55.0.2+build1/ipc/chromium/src/chrome/common/ipc_channel_posix.cc, line 353
[Child 15708] WARNING: pipe error (3): Connection reset by peer: file /build/firefox-S0wyi8/firefox-55.0.2+build1/ipc/chromium/src/chrome/common/ipc_channel_posix.cc, line 353
1506082085930	geckodriver	INFO	geckodriver 0.18.0
1506082085937	geckodriver	INFO	Listening on 127.0.0.1:41854
1506082087020	geckodriver::marionette	INFO	Starting browser /usr/bin/firefox with args ["-marionette"]
1506082087652	Marionette	INFO	Enabled via --marionette
1506082089126	Marionette	INFO	Listening on port 41254
1506082089147	Marionette	WARN	TLS certificate errors will be ignored for this session
1506082089199	Marionette	DEBUG	loaded listener.js
JavaScript error: chrome://marionette/content/server.js, line 337: NS_ERROR_SOCKET_ADDRESS_IN_USE: Component returned failure code: 0x804b0036 (NS_ERROR_SOCKET_ADDRESS_IN_USE) [nsIServerSocket.initSpecialConnection]
1506082089383	Marionette	DEBUG	Received DOM event "beforeunload" for "about:blank"
1506082090016	Marionette	DEBUG	Received DOM event "pagehide" for "about:blank"
1506082090017	Marionette	DEBUG	Received DOM event "unload" for "about:blank"
1506082090605	Marionette	DEBUG	Received DOM event "DOMContentLoaded" for "https://www.lazada.com.my/dz09-smart-watch-bluetooth-touchscreenforandroidandiossilverblack-11006289.html?spm=a2o4k.cart.0.0.jjMrxH&mp=1"
1506082090607	Marionette	DEBUG	Received DOM event "pageshow" for "https://www.lazada.com.my/dz09-smart-watch-bluetooth-touchscreenforandroidandiossilverblack-11006289.html?spm=a2o4k.cart.0.0.jjMrxH&mp=1"
1506082090608	Marionette	DEBUG	Received DOM event "DOMContentLoaded" for "https://www.lazada.com.my/dz09-smart-watch-bluetooth-touchscreenforandroidandiossilverblack-11006289.html?spm=a2o4k.cart.0.0.jjMrxH&mp=1"
1506082090611	Marionette	DEBUG	Received DOM event "pageshow" for "https://www.lazada.com.my/dz09-smart-watch-bluetooth-touchscreenforandroidandiossilverblack-11006289.html?spm=a2o4k.cart.0.0.jjMrxH&mp=1"
1506082091525	Marionette	DEBUG	Received DOM event "DOMContentLoaded" for "https://www.lazada.com.my/dz09-smart-watch-bluetooth-touchscreenforandroidandiossilverblack-11006289.html?spm=a2o4k.cart.0.0.jjMrxH&mp=1"
JavaScript error: https://www.lazada.com.my/dz09-smart-watch-bluetooth-touchscreenforandroidandiossilverblack-11006289.html?spm=a2o4k.cart.0.0.jjMrxH&mp=1, line 8052: TypeError: window.goldlog.setPageSPM is not a function
1506082092189	Marionette	DEBUG	Received DOM event "DOMContentLoaded" for "https://accounts.google.com/o/oauth2/postmessageRelay?parent=https%3A%2F%2Fwww.lazada.com.my&jsh=m%3B%2F_%2Fscs%2Fapps-static%2F_%2Fjs%2Fk%3Doz.gapi.sr.ZtEIR4n1KLk.O%2Fm%3D__features__%2Fam%3DAQ%2Frt%3Dj%2Fd%3D1%2Frs%3DAGLTcCMTj7K2O7Xrac-syfvpuOiNSPcWKQ#rpctoken=1242534575&forcesecure=1"
1506082092245	Marionette	DEBUG	Received DOM event "pageshow" for "https://accounts.google.com/o/oauth2/postmessageRelay?parent=https%3A%2F%2Fwww.lazada.com.my&jsh=m%3B%2F_%2Fscs%2Fapps-static%2F_%2Fjs%2Fk%3Doz.gapi.sr.ZtEIR4n1KLk.O%2Fm%3D__features__%2Fam%3DAQ%2Frt%3Dj%2Fd%3D1%2Frs%3DAGLTcCMTj7K2O7Xrac-syfvpuOiNSPcWKQ#rpctoken=1242534575&forcesecure=1"
1506082092469	Marionette	DEBUG	Received DOM event "DOMContentLoaded" for "https://itscenter.alipay.com/home/pc.htm?apikey=ebuckler_lazada&token=ujo3o961i7c78evjikf4n3enp5&userid=&sid=&href=https%3A%2F%2Fwww.lazada.com.my%2Fdz09-smart-watch-bluetooth-touchscreenforandroidandiossilverblack-11006289.html%3Fspm%3Da2o4k.cart.0.0.jjMrxH%26mp%3D1"
1506082092909	Marionette	DEBUG	Received DOM event "pageshow" for "https://itscenter.alipay.com/home/pc.htm?apikey=ebuckler_lazada&token=ujo3o961i7c78evjikf4n3enp5&userid=&sid=&href=https%3A%2F%2Fwww.lazada.com.my%2Fdz09-smart-watch-bluetooth-touchscreenforandroidandiossilverblack-11006289.html%3Fspm%3Da2o4k.cart.0.0.jjMrxH%26mp%3D1"
1506082093201	Marionette	DEBUG	Received DOM event "pageshow" for "https://www.lazada.com.my/dz09-smart-watch-bluetooth-touchscreenforandroidandiossilverblack-11006289.html?spm=a2o4k.cart.0.0.jjMrxH&mp=1"
JavaScript warning: https://6bf746ad5bc91a240a3d-1d8fbdf7ecdc2b67730d7c561f0d1dfd.ssl.cf2.rackcdn.com/webyclip-lazada-ph-pdp-default-loader.min.js, line 12: unreachable code after return statement
1506082093752	Marionette	INFO	New connections will no longer be accepted
[Child 15929] WARNING: pipe error (20): Connection reset by peer: file /build/firefox-S0wyi8/firefox-55.0.2+build1/ipc/chromium/src/chrome/common/ipc_channel_posix.cc, line 353
1506082168051	geckodriver	INFO	geckodriver 0.18.0
1506082168057	geckodriver	INFO	Listening on 127.0.0.1:40261
1506082169131	geckodriver::marionette	INFO	Starting browser /usr/bin/firefox with args ["-marionette"]
1506082169782	Marionette	INFO	Enabled via --marionette
1506082171243	Marionette	INFO	Listening on port 46685
JavaScript error: chrome://marionette/content/server.js, line 337: NS_ERROR_SOCKET_ADDRESS_IN_USE: Component returned failure code: 0x804b0036 (NS_ERROR_SOCKET_ADDRESS_IN_USE) [nsIServerSocket.initSpecialConnection]
1506082171387	Marionette	WARN	TLS certificate errors will be ignored for this session
1506082171435	Marionette	DEBUG	loaded listener.js
1506082171556	Marionette	DEBUG	Received DOM event "beforeunload" for "about:blank"
1506082173172	Marionette	DEBUG	Received DOM event "pagehide" for "about:blank"
1506082173172	Marionette	DEBUG	Received DOM event "unload" for "about:blank"
1506082174407	Marionette	DEBUG	Received DOM event "DOMContentLoaded" for "https://www.lazada.com.my/dz09-smart-watch-bluetooth-touchscreenforandroidandiossilverblack-11006289.html?spm=a2o4k.cart.0.0.jjMrxH&mp=1"
1506082174409	Marionette	DEBUG	Received DOM event "pageshow" for "https://www.lazada.com.my/dz09-smart-watch-bluetooth-touchscreenforandroidandiossilverblack-11006289.html?spm=a2o4k.cart.0.0.jjMrxH&mp=1"
1506082174409	Marionette	DEBUG	Received DOM event "DOMContentLoaded" for "https://www.lazada.com.my/dz09-smart-watch-bluetooth-touchscreenforandroidandiossilverblack-11006289.html?spm=a2o4k.cart.0.0.jjMrxH&mp=1"
1506082174410	Marionette	DEBUG	Received DOM event "pageshow" for "https://www.lazada.com.my/dz09-smart-watch-bluetooth-touchscreenforandroidandiossilverblack-11006289.html?spm=a2o4k.cart.0.0.jjMrxH&mp=1"
1506082174934	Marionette	DEBUG	Received DOM event "DOMContentLoaded" for "https://www.lazada.com.my/dz09-smart-watch-bluetooth-touchscreenforandroidandiossilverblack-11006289.html?spm=a2o4k.cart.0.0.jjMrxH&mp=1"
JavaScript error: https://www.lazada.com.my/dz09-smart-watch-bluetooth-touchscreenforandroidandiossilverblack-11006289.html?spm=a2o4k.cart.0.0.jjMrxH&mp=1, line 8052: TypeError: window.goldlog.setPageSPM is not a function
1506082175566	Marionette	DEBUG	Received DOM event "DOMContentLoaded" for "https://accounts.google.com/o/oauth2/postmessageRelay?parent=https%3A%2F%2Fwww.lazada.com.my&jsh=m%3B%2F_%2Fscs%2Fapps-static%2F_%2Fjs%2Fk%3Doz.gapi.sr.ZtEIR4n1KLk.O%2Fm%3D__features__%2Fam%3DAQ%2Frt%3Dj%2Fd%3D1%2Frs%3DAGLTcCMTj7K2O7Xrac-syfvpuOiNSPcWKQ#rpctoken=586230427&forcesecure=1"
1506082175626	Marionette	DEBUG	Received DOM event "pageshow" for "https://accounts.google.com/o/oauth2/postmessageRelay?parent=https%3A%2F%2Fwww.lazada.com.my&jsh=m%3B%2F_%2Fscs%2Fapps-static%2F_%2Fjs%2Fk%3Doz.gapi.sr.ZtEIR4n1KLk.O%2Fm%3D__features__%2Fam%3DAQ%2Frt%3Dj%2Fd%3D1%2Frs%3DAGLTcCMTj7K2O7Xrac-syfvpuOiNSPcWKQ#rpctoken=586230427&forcesecure=1"
1506082176862	Marionette	DEBUG	Received DOM event "DOMContentLoaded" for "https://itscenter.alipay.com/home/pc.htm?apikey=ebuckler_lazada&token=nb205iqqfq1k1fbpc51isd7ra5&userid=&sid=&href=https%3A%2F%2Fwww.lazada.com.my%2Fdz09-smart-watch-bluetooth-touchscreenforandroidandiossilverblack-11006289.html%3Fspm%3Da2o4k.cart.0.0.jjMrxH%26mp%3D1"
1506082177175	Marionette	DEBUG	Received DOM event "pageshow" for "https://itscenter.alipay.com/home/pc.htm?apikey=ebuckler_lazada&token=nb205iqqfq1k1fbpc51isd7ra5&userid=&sid=&href=https%3A%2F%2Fwww.lazada.com.my%2Fdz09-smart-watch-bluetooth-touchscreenforandroidandiossilverblack-11006289.html%3Fspm%3Da2o4k.cart.0.0.jjMrxH%26mp%3D1"
1506082177386	Marionette	DEBUG	Received DOM event "pageshow" for "https://www.lazada.com.my/dz09-smart-watch-bluetooth-touchscreenforandroidandiossilverblack-11006289.html?spm=a2o4k.cart.0.0.jjMrxH&mp=1"
JavaScript warning: https://6bf746ad5bc91a240a3d-1d8fbdf7ecdc2b67730d7c561f0d1dfd.ssl.cf2.rackcdn.com/webyclip-lazada-ph-pdp-default-loader.min.js, line 12: unreachable code after return statement
1506082177953	Marionette	INFO	New connections will no longer be accepted
